This is pdfTeX, Version 3.141592653-2.6-1.40.27 (MiKTeX 25.4) (preloaded format=pdflatex 2025.11.14)  19 DEC 2025 16:24
entering extended mode
 restricted \write18 enabled.
 %&-line parsing enabled.
**./main.tex
(main.tex
LaTeX2e <2025-11-01>
L3 programming layer <2025-10-24>
(/home/neuronetix/.miktex/texmfs/install/tex/latex/base/article.cls
Document Class: article 2025/01/22 v1.4n Standard LaTeX document class
(/home/neuronetix/.miktex/texmfs/install/tex/latex/base/size12.clo
File: size12.clo 2025/01/22 v1.4n Standard LaTeX file (size option)
)
\c@part=\count275
\c@section=\count276
\c@subsection=\count277
\c@subsubsection=\count278
\c@paragraph=\count279
\c@subparagraph=\count280
\c@figure=\count281
\c@table=\count282
\abovecaptionskip=\skip49
\belowcaptionskip=\skip50
\bibindent=\dimen148
)
(/home/neuronetix/.miktex/texmfs/install/tex/latex/geometry/geometry.sty
Package: geometry 2020/01/02 v5.9 Page Geometry

(/home/neuronetix/.miktex/texmfs/install/tex/latex/graphics/keyval.sty
Package: keyval 2022/05/29 v1.15 key=value parser (DPC)
\KV@toks@=\toks17
)
(/home/neuronetix/.miktex/texmfs/install/tex/generic/iftex/ifvtex.sty
Package: ifvtex 2019/10/25 v1.7 ifvtex legacy package. Use iftex instead.

(/home/neuronetix/.miktex/texmfs/install/tex/generic/iftex/iftex.sty
Package: iftex 2024/12/12 v1.0g TeX engine tests
))
\Gm@cnth=\count283
\Gm@cntv=\count284
\c@Gm@tempcnt=\count285
\Gm@bindingoffset=\dimen149
\Gm@wd@mp=\dimen150
\Gm@odd@mp=\dimen151
\Gm@even@mp=\dimen152
\Gm@layoutwidth=\dimen153
\Gm@layoutheight=\dimen154
\Gm@layouthoffset=\dimen155
\Gm@layoutvoffset=\dimen156
\Gm@dimlist=\toks18

(/home/neuronetix/.miktex/texmfs/install/tex/latex/geometry/geometry.cfg))
(/home/neuronetix/.miktex/texmfs/install/tex/latex/cite/cite.sty
LaTeX Info: Redefining \cite on input line 302.
LaTeX Info: Redefining \nocite on input line 332.
Package: cite 2015/02/27  v 5.5
)
(/home/neuronetix/.miktex/texmfs/install/tex/latex/amsmath/amsmath.sty
Package: amsmath 2025/07/09 v2.17z AMS math features
\@mathmargin=\skip51

For additional information on amsmath, use the `?' option.
(/home/neuronetix/.miktex/texmfs/install/tex/latex/amsmath/amstext.sty
Package: amstext 2024/11/17 v2.01 AMS text

(/home/neuronetix/.miktex/texmfs/install/tex/latex/amsmath/amsgen.sty
File: amsgen.sty 1999/11/30 v2.0 generic functions
\@emptytoks=\toks19
\ex@=\dimen157
))
(/home/neuronetix/.miktex/texmfs/install/tex/latex/amsmath/amsbsy.sty
Package: amsbsy 1999/11/29 v1.2d Bold Symbols
\pmbraise@=\dimen158
)
(/home/neuronetix/.miktex/texmfs/install/tex/latex/amsmath/amsopn.sty
Package: amsopn 2022/04/08 v2.04 operator names
)
\inf@bad=\count286
LaTeX Info: Redefining \frac on input line 233.
\uproot@=\count287
\leftroot@=\count288
LaTeX Info: Redefining \overline on input line 398.
LaTeX Info: Redefining \colon on input line 409.
\classnum@=\count289
\DOTSCASE@=\count290
LaTeX Info: Redefining \ldots on input line 495.
LaTeX Info: Redefining \dots on input line 498.
LaTeX Info: Redefining \cdots on input line 619.
\Mathstrutbox@=\box53
\strutbox@=\box54
LaTeX Info: Redefining \big on input line 721.
LaTeX Info: Redefining \Big on input line 722.
LaTeX Info: Redefining \bigg on input line 723.
LaTeX Info: Redefining \Bigg on input line 724.
\big@size=\dimen159
LaTeX Font Info:    Redeclaring font encoding OML on input line 742.
LaTeX Font Info:    Redeclaring font encoding OMS on input line 743.
\macc@depth=\count291
LaTeX Info: Redefining \bmod on input line 904.
LaTeX Info: Redefining \pmod on input line 909.
LaTeX Info: Redefining \smash on input line 939.
LaTeX Info: Redefining \relbar on input line 969.
LaTeX Info: Redefining \Relbar on input line 970.
\c@MaxMatrixCols=\count292
\dotsspace@=\muskip17
\c@parentequation=\count293
\dspbrk@lvl=\count294
\tag@help=\toks20
\row@=\count295
\column@=\count296
\maxfields@=\count297
\andhelp@=\toks21
\eqnshift@=\dimen160
\alignsep@=\dimen161
\tagshift@=\dimen162
\tagwidth@=\dimen163
\totwidth@=\dimen164
\lineht@=\dimen165
\@envbody=\toks22
\multlinegap=\skip52
\multlinetaggap=\skip53
\mathdisplay@stack=\toks23
LaTeX Info: Redefining \[ on input line 2950.
LaTeX Info: Redefining \] on input line 2951.
)
(/home/neuronetix/.miktex/texmfs/install/tex/latex/amsfonts/amssymb.sty
Package: amssymb 2013/01/14 v3.01 AMS font symbols

(/home/neuronetix/.miktex/texmfs/install/tex/latex/amsfonts/amsfonts.sty
Package: amsfonts 2013/01/14 v3.01 Basic AMSFonts support
\symAMSa=\mathgroup4
\symAMSb=\mathgroup5
LaTeX Font Info:    Redeclaring math symbol \hbar on input line 98.
LaTeX Font Info:    Overwriting math alphabet `\mathfrak' in version `bold'
(Font)                  U/euf/m/n --> U/euf/b/n on input line 106.
))
(/home/neuronetix/.miktex/texmfs/install/tex/latex/algorithms/algorithmic.sty
Package: algorithmic 2009/08/24 v0.1 Document Style `algorithmic'

(/home/neuronetix/.miktex/texmfs/install/tex/latex/base/ifthen.sty
Package: ifthen 2024/03/16 v1.1e Standard LaTeX ifthen package (DPC)
)
\c@ALC@unique=\count298
\c@ALC@line=\count299
\c@ALC@rem=\count300
\c@ALC@depth=\count301
\ALC@tlm=\skip54
\algorithmicindent=\skip55
)
(/home/neuronetix/.miktex/texmfs/install/tex/latex/graphics/graphicx.sty
Package: graphicx 2024/12/31 v1.2e Enhanced LaTeX Graphics (DPC,SPQR)

(/home/neuronetix/.miktex/texmfs/install/tex/latex/graphics/graphics.sty
Package: graphics 2024/08/06 v1.4g Standard LaTeX Graphics (DPC,SPQR)

(/home/neuronetix/.miktex/texmfs/install/tex/latex/graphics/trig.sty
Package: trig 2023/12/02 v1.11 sin cos tan (DPC)
)
(/home/neuronetix/.miktex/texmfs/install/tex/latex/graphics-cfg/graphics.cfg
File: graphics.cfg 2016/06/04 v1.11 sample graphics configuration
)
Package graphics Info: Driver file: pdftex.def on input line 106.

(/home/neuronetix/.miktex/texmfs/install/tex/latex/graphics-def/pdftex.def
File: pdftex.def 2025/09/29 v1.2d Graphics/color driver for pdftex
))
\Gin@req@height=\dimen166
\Gin@req@width=\dimen167
)
(/home/neuronetix/.miktex/texmfs/install/tex/latex/base/textcomp.sty
Package: textcomp 2024/04/24 v2.1b Standard LaTeX package
)
(/home/neuronetix/.miktex/texmfs/install/tex/latex/xcolor/xcolor.sty
Package: xcolor 2024/09/29 v3.02 LaTeX color extensions (UK)

(/home/neuronetix/.miktex/texmfs/install/tex/latex/graphics-cfg/color.cfg
File: color.cfg 2016/01/02 v1.6 sample color configuration
)
Package xcolor Info: Driver file: pdftex.def on input line 274.

(/home/neuronetix/.miktex/texmfs/install/tex/latex/graphics/mathcolor.ltx)
Package xcolor Info: Model `cmy' substituted by `cmy0' on input line 1349.
Package xcolor Info: Model `hsb' substituted by `rgb' on input line 1353.
Package xcolor Info: Model `RGB' extended on input line 1365.
Package xcolor Info: Model `HTML' substituted by `rgb' on input line 1367.
Package xcolor Info: Model `Hsb' substituted by `hsb' on input line 1368.
Package xcolor Info: Model `tHsb' substituted by `hsb' on input line 1369.
Package xcolor Info: Model `HSB' substituted by `hsb' on input line 1370.
Package xcolor Info: Model `Gray' substituted by `gray' on input line 1371.
Package xcolor Info: Model `wave' substituted by `hsb' on input line 1372.
)
(/home/neuronetix/.miktex/texmfs/install/tex/latex/booktabs/booktabs.sty
Package: booktabs 2020/01/12 v1.61803398 Publication quality tables
\heavyrulewidth=\dimen168
\lightrulewidth=\dimen169
\cmidrulewidth=\dimen170
\belowrulesep=\dimen171
\belowbottomsep=\dimen172
\aboverulesep=\dimen173
\abovetopsep=\dimen174
\cmidrulesep=\dimen175
\cmidrulekern=\dimen176
\defaultaddspace=\dimen177
\@cmidla=\count302
\@cmidlb=\count303
\@aboverulesep=\dimen178
\@belowrulesep=\dimen179
\@thisruleclass=\count304
\@lastruleclass=\count305
\@thisrulewidth=\dimen180
)
(/home/neuronetix/.miktex/texmfs/install/tex/latex/multirow/multirow.sty
Package: multirow 2024/11/12 v2.9 Span multiple rows of a table
\multirow@colwidth=\skip56
\multirow@cntb=\count306
\multirow@dima=\skip57
\bigstrutjot=\dimen181
)
(/home/neuronetix/.miktex/texmfs/install/tex/latex/subfig/subfig.sty
Package: subfig 2005/06/28 ver: 1.3 subfig package

(/home/neuronetix/.miktex/texmfs/install/tex/latex/caption/caption.sty
Package: caption 2023/08/05 v3.6o Customizing captions (AR)

(/home/neuronetix/.miktex/texmfs/install/tex/latex/caption/caption3.sty
Package: caption3 2023/07/31 v2.4d caption3 kernel (AR)
\caption@tempdima=\dimen182
\captionmargin=\dimen183
\caption@leftmargin=\dimen184
\caption@rightmargin=\dimen185
\caption@width=\dimen186
\caption@indent=\dimen187
\caption@parindent=\dimen188
\caption@hangindent=\dimen189
Package caption Info: Standard document class detected.
)
\c@caption@flags=\count307
\c@continuedfloat=\count308
)
\c@KVtest=\count309
\sf@farskip=\skip58
\sf@captopadj=\dimen190
\sf@capskip=\skip59
\sf@nearskip=\skip60
\c@subfigure=\count310
\c@subfigure@save=\count311
\c@lofdepth=\count312
\c@subtable=\count313
\c@subtable@save=\count314
\c@lotdepth=\count315
\sf@top=\skip61
\sf@bottom=\skip62
)
(/home/neuronetix/.miktex/texmfs/install/tex/latex/hyperref/hyperref.sty
Package: hyperref 2025-07-12 v7.01o Hypertext links for LaTeX

(/home/neuronetix/.miktex/texmfs/install/tex/latex/kvsetkeys/kvsetkeys.sty
Package: kvsetkeys 2022-10-05 v1.19 Key value parser (HO)
)
(/home/neuronetix/.miktex/texmfs/install/tex/generic/kvdefinekeys/kvdefinekeys.
sty
Package: kvdefinekeys 2019-12-19 v1.6 Define keys (HO)
)
(/home/neuronetix/.miktex/texmfs/install/tex/generic/pdfescape/pdfescape.sty
Package: pdfescape 2019/12/09 v1.15 Implements pdfTeX's escape features (HO)

(/home/neuronetix/.miktex/texmfs/install/tex/generic/ltxcmds/ltxcmds.sty
Package: ltxcmds 2023-12-04 v1.26 LaTeX kernel commands for general use (HO)
)
(/home/neuronetix/.miktex/texmfs/install/tex/generic/pdftexcmds/pdftexcmds.sty
Package: pdftexcmds 2020-06-27 v0.33 Utility functions of pdfTeX for LuaTeX (HO
)

(/home/neuronetix/.miktex/texmfs/install/tex/generic/infwarerr/infwarerr.sty
Package: infwarerr 2019/12/03 v1.5 Providing info/warning/error messages (HO)
)
Package pdftexcmds Info: \pdf@primitive is available.
Package pdftexcmds Info: \pdf@ifprimitive is available.
Package pdftexcmds Info: \pdfdraftmode found.
)) (/home/neuronetix/.miktex/texmfs/install/tex/latex/hycolor/hycolor.sty
Package: hycolor 2020-01-27 v1.10 Color options for hyperref/bookmark (HO)
)
(/home/neuronetix/.miktex/texmfs/install/tex/latex/hyperref/nameref.sty
Package: nameref 2025-06-21 v2.57 Cross-referencing by name of section

(/home/neuronetix/.miktex/texmfs/install/tex/latex/refcount/refcount.sty
Package: refcount 2019/12/15 v3.6 Data extraction from label references (HO)
)
(/home/neuronetix/.miktex/texmfs/install/tex/generic/gettitlestring/gettitlestr
ing.sty
Package: gettitlestring 2019/12/15 v1.6 Cleanup title references (HO)

(/home/neuronetix/.miktex/texmfs/install/tex/latex/kvoptions/kvoptions.sty
Package: kvoptions 2022-06-15 v3.15 Key value format for package options (HO)
))
\c@section@level=\count316
)
(/home/neuronetix/.miktex/texmfs/install/tex/latex/etoolbox/etoolbox.sty
Package: etoolbox 2025/10/02 v2.5m e-TeX tools for LaTeX (JAW)
\etb@tempcnta=\count317
)
(/home/neuronetix/.miktex/texmfs/install/tex/generic/stringenc/stringenc.sty
Package: stringenc 2019/11/29 v1.12 Convert strings between diff. encodings (HO
)
)
\@linkdim=\dimen191
\Hy@linkcounter=\count318
\Hy@pagecounter=\count319

(/home/neuronetix/.miktex/texmfs/install/tex/latex/hyperref/pd1enc.def
File: pd1enc.def 2025-07-12 v7.01o Hyperref: PDFDocEncoding definition (HO)
Now handling font encoding PD1 ...
... no UTF-8 mapping file for font encoding PD1
)
(/home/neuronetix/.miktex/texmfs/install/tex/generic/intcalc/intcalc.sty
Package: intcalc 2019/12/15 v1.3 Expandable calculations with integers (HO)
)
\Hy@SavedSpaceFactor=\count320

(/home/neuronetix/.miktex/texmfs/install/tex/latex/hyperref/puenc.def
File: puenc.def 2025-07-12 v7.01o Hyperref: PDF Unicode definition (HO)
Now handling font encoding PU ...
... no UTF-8 mapping file for font encoding PU
)
Package hyperref Info: Hyper figures OFF on input line 4195.
Package hyperref Info: Link nesting OFF on input line 4200.
Package hyperref Info: Hyper index ON on input line 4203.
Package hyperref Info: Plain pages OFF on input line 4210.
Package hyperref Info: Backreferencing OFF on input line 4215.
Package hyperref Info: Implicit mode ON; LaTeX internals redefined.
Package hyperref Info: Bookmarks ON on input line 4462.
\c@Hy@tempcnt=\count321

(/home/neuronetix/.miktex/texmfs/install/tex/latex/url/url.sty
\Urlmuskip=\muskip18
Package: url 2013/09/16  ver 3.4  Verb mode for urls, etc.
)
LaTeX Info: Redefining \url on input line 4801.
\XeTeXLinkMargin=\dimen192

(/home/neuronetix/.miktex/texmfs/install/tex/generic/bitset/bitset.sty
Package: bitset 2019/12/09 v1.3 Handle bit-vector datatype (HO)

(/home/neuronetix/.miktex/texmfs/install/tex/generic/bigintcalc/bigintcalc.sty
Package: bigintcalc 2019/12/15 v1.5 Expandable calculations on big integers (HO
)
))
\Fld@menulength=\count322
\Field@Width=\dimen193
\Fld@charsize=\dimen194
Package hyperref Info: Hyper figures OFF on input line 6078.
Package hyperref Info: Link nesting OFF on input line 6083.
Package hyperref Info: Hyper index ON on input line 6086.
Package hyperref Info: backreferencing OFF on input line 6093.
Package hyperref Info: Link coloring OFF on input line 6098.
Package hyperref Info: Link coloring with OCG OFF on input line 6103.
Package hyperref Info: PDF/A mode OFF on input line 6108.
\Hy@abspage=\count323
\c@Item=\count324
\c@Hfootnote=\count325
)
Package hyperref Info: Driver (autodetected): hpdftex.
 (/home/neuronetix/.miktex/texmfs/install/tex/latex/hyperref/hpdftex.def
File: hpdftex.def 2025-07-12 v7.01o Hyperref driver for pdfTeX
\Fld@listcount=\count326
\c@bookmark@seq@number=\count327

(/home/neuronetix/.miktex/texmfs/install/tex/latex/rerunfilecheck/rerunfilechec
k.sty
Package: rerunfilecheck 2025-06-21 v1.11 Rerun checks for auxiliary files (HO)

(/home/neuronetix/.miktex/texmfs/install/tex/generic/uniquecounter/uniquecounte
r.sty
Package: uniquecounter 2019/12/15 v1.4 Provide unlimited unique counter (HO)
)
Package uniquecounter Info: New unique counter `rerunfilecheck' on input line 2
84.
)
\Hy@SectionHShift=\skip63
) (/home/neuronetix/.miktex/texmfs/install/tex/latex/float/float.sty
Package: float 2001/11/08 v1.3d Float enhancements (AL)
\c@float@type=\count328
\float@exts=\toks24
\float@box=\box55
\@float@everytoks=\toks25
\@floatcapt=\box56
)
(/home/neuronetix/.miktex/texmfs/install/tex/latex/preprint/authblk.sty
Package: authblk 2001/02/27 1.3 (PWD)
\affilsep=\skip64
\@affilsep=\skip65
\c@Maxaffil=\count329
\c@authors=\count330
\c@affil=\count331
)
(/home/neuronetix/.miktex/texmfs/install/tex/latex/setspace/setspace.sty
Package: setspace 2022/12/04 v6.7b set line spacing
)
(/home/neuronetix/.miktex/texmfs/install/tex/latex/titlesec/titlesec.sty
Package: titlesec 2025/01/04 v2.17 Sectioning titles
\ttl@box=\box57
\beforetitleunit=\skip66
\aftertitleunit=\skip67
\ttl@plus=\dimen195
\ttl@minus=\dimen196
\ttl@toksa=\toks26
\titlewidth=\dimen197
\titlewidthlast=\dimen198
\titlewidthfirst=\dimen199
)
(/home/neuronetix/.miktex/texmfs/install/tex/latex/psnfss/mathptmx.sty
Package: mathptmx 2020/03/25 PSNFSS-v9.3 Times w/ Math, improved (SPQR, WaS) 
LaTeX Font Info:    Redeclaring symbol font `operators' on input line 28.
LaTeX Font Info:    Overwriting symbol font `operators' in version `normal'
(Font)                  OT1/cmr/m/n --> OT1/ztmcm/m/n on input line 28.
LaTeX Font Info:    Overwriting symbol font `operators' in version `bold'
(Font)                  OT1/cmr/bx/n --> OT1/ztmcm/m/n on input line 28.
LaTeX Font Info:    Redeclaring symbol font `letters' on input line 29.
LaTeX Font Info:    Overwriting symbol font `letters' in version `normal'
(Font)                  OML/cmm/m/it --> OML/ztmcm/m/it on input line 29.
LaTeX Font Info:    Overwriting symbol font `letters' in version `bold'
(Font)                  OML/cmm/b/it --> OML/ztmcm/m/it on input line 29.
LaTeX Font Info:    Redeclaring symbol font `symbols' on input line 30.
LaTeX Font Info:    Overwriting symbol font `symbols' in version `normal'
(Font)                  OMS/cmsy/m/n --> OMS/ztmcm/m/n on input line 30.
LaTeX Font Info:    Overwriting symbol font `symbols' in version `bold'
(Font)                  OMS/cmsy/b/n --> OMS/ztmcm/m/n on input line 30.
LaTeX Font Info:    Redeclaring symbol font `largesymbols' on input line 31.
LaTeX Font Info:    Overwriting symbol font `largesymbols' in version `normal'
(Font)                  OMX/cmex/m/n --> OMX/ztmcm/m/n on input line 31.
LaTeX Font Info:    Overwriting symbol font `largesymbols' in version `bold'
(Font)                  OMX/cmex/m/n --> OMX/ztmcm/m/n on input line 31.
\symbold=\mathgroup6
\symitalic=\mathgroup7
LaTeX Font Info:    Redeclaring math alphabet \mathbf on input line 34.
LaTeX Font Info:    Overwriting math alphabet `\mathbf' in version `normal'
(Font)                  OT1/cmr/bx/n --> OT1/ptm/bx/n on input line 34.
LaTeX Font Info:    Overwriting math alphabet `\mathbf' in version `bold'
(Font)                  OT1/cmr/bx/n --> OT1/ptm/bx/n on input line 34.
LaTeX Font Info:    Redeclaring math alphabet \mathit on input line 35.
LaTeX Font Info:    Overwriting math alphabet `\mathit' in version `normal'
(Font)                  OT1/cmr/m/it --> OT1/ptm/m/it on input line 35.
LaTeX Font Info:    Overwriting math alphabet `\mathit' in version `bold'
(Font)                  OT1/cmr/bx/it --> OT1/ptm/m/it on input line 35.
LaTeX Info: Redefining \hbar on input line 50.
)
LaTeX Font Info:    Trying to load font information for OT1+ptm on input line 3
5.

(/home/neuronetix/.miktex/texmfs/install/tex/latex/psnfss/ot1ptm.fd
File: ot1ptm.fd 2001/06/04 font definitions for OT1/ptm.
)
(/home/neuronetix/.miktex/texmfs/install/tex/latex/l3backend-dev/l3backend-pdft
ex.def
File: l3backend-pdftex.def 2025-10-09 L3 backend support: PDF output (pdfTeX)
\l__color_backend_stack_int=\count332
) (main.aux)
\openout1 = `main.aux'.

LaTeX Font Info:    Checking defaults for OML/cmm/m/it on input line 35.
LaTeX Font Info:    ... okay on input line 35.
LaTeX Font Info:    Checking defaults for OMS/cmsy/m/n on input line 35.
LaTeX Font Info:    ... okay on input line 35.
LaTeX Font Info:    Checking defaults for OT1/cmr/m/n on input line 35.
LaTeX Font Info:    ... okay on input line 35.
LaTeX Font Info:    Checking defaults for T1/cmr/m/n on input line 35.
LaTeX Font Info:    ... okay on input line 35.
LaTeX Font Info:    Checking defaults for TS1/cmr/m/n on input line 35.
LaTeX Font Info:    ... okay on input line 35.
LaTeX Font Info:    Checking defaults for OMX/cmex/m/n on input line 35.
LaTeX Font Info:    ... okay on input line 35.
LaTeX Font Info:    Checking defaults for U/cmr/m/n on input line 35.
LaTeX Font Info:    ... okay on input line 35.
LaTeX Font Info:    Checking defaults for PD1/pdf/m/n on input line 35.
LaTeX Font Info:    ... okay on input line 35.
LaTeX Font Info:    Checking defaults for PU/pdf/m/n on input line 35.
LaTeX Font Info:    ... okay on input line 35.

*geometry* driver: auto-detecting
*geometry* detected driver: pdftex
*geometry* verbose mode - [ preamble ] result:
* driver: pdftex
* paper: a4paper
* layout: <same size as paper>
* layoutoffset:(h,v)=(0.0pt,0.0pt)
* modes: 
* h-part:(L,W,R)=(72.26999pt, 452.9679pt, 72.26999pt)
* v-part:(T,H,B)=(72.26999pt, 700.50687pt, 72.26999pt)
* \paperwidth=597.50787pt
* \paperheight=845.04684pt
* \textwidth=452.9679pt
* \textheight=700.50687pt
* \oddsidemargin=0.0pt
* \evensidemargin=0.0pt
* \topmargin=-37.0pt
* \headheight=12.0pt
* \headsep=25.0pt
* \topskip=12.0pt
* \footskip=30.0pt
* \marginparwidth=35.0pt
* \marginparsep=10.0pt
* \columnsep=10.0pt
* \skip\footins=10.8pt plus 4.0pt minus 2.0pt
* \hoffset=0.0pt
* \voffset=0.0pt
* \mag=1000
* \@twocolumnfalse
* \@twosidefalse
* \@mparswitchfalse
* \@reversemarginfalse
* (1in=72.27pt=25.4mm, 1cm=28.453pt)

(/home/neuronetix/.miktex/texmfs/install/tex/context/base/mkii/supp-pdf.mkii
[Loading MPS to PDF converter (version 2006.09.02).]
\scratchcounter=\count333
\scratchdimen=\dimen256
\scratchbox=\box58
\nofMPsegments=\count334
\nofMParguments=\count335
\everyMPshowfont=\toks27
\MPscratchCnt=\count336
\MPscratchDim=\dimen257
\MPnumerator=\count337
\makeMPintoPDFobject=\count338
\everyMPtoPDFconversion=\toks28
)
(/home/neuronetix/.miktex/texmfs/install/tex/latex/epstopdf-pkg/epstopdf-base.s
ty
Package: epstopdf-base 2020-01-24 v2.11 Base part for package epstopdf
Package epstopdf-base Info: Redefining graphics rule for `.eps' on input line 4
85.
 (/home/neuronetix/.miktex/texmfs/install/tex/latex/00miktex/epstopdf-sys.cfg
File: epstopdf-sys.cfg 2021/03/18 v2.0 Configuration of epstopdf for MiKTeX
))
Package caption Info: Begin \AtBeginDocument code.
Package caption Info: subfig package v1.3 is loaded.
Package caption Info: float package is loaded.
Package caption Info: hyperref package is loaded.
Package caption Info: End \AtBeginDocument code.
Package hyperref Info: Link coloring OFF on input line 35.
 (main.out) (main.out)
\@outlinefile=\write3
\openout3 = `main.out'.

LaTeX Font Info:    Trying to load font information for OT1+ztmcm on input line
 44.

(/home/neuronetix/.miktex/texmfs/install/tex/latex/psnfss/ot1ztmcm.fd
File: ot1ztmcm.fd 2000/01/03 Fontinst v1.801 font definitions for OT1/ztmcm.
)
LaTeX Font Info:    Trying to load font information for OML+ztmcm on input line
 44.

(/home/neuronetix/.miktex/texmfs/install/tex/latex/psnfss/omlztmcm.fd
File: omlztmcm.fd 2000/01/03 Fontinst v1.801 font definitions for OML/ztmcm.
)
LaTeX Font Info:    Trying to load font information for OMS+ztmcm on input line
 44.

(/home/neuronetix/.miktex/texmfs/install/tex/latex/psnfss/omsztmcm.fd
File: omsztmcm.fd 2000/01/03 Fontinst v1.801 font definitions for OMS/ztmcm.
)
LaTeX Font Info:    Trying to load font information for OMX+ztmcm on input line
 44.

(/home/neuronetix/.miktex/texmfs/install/tex/latex/psnfss/omxztmcm.fd
File: omxztmcm.fd 2000/01/03 Fontinst v1.801 font definitions for OMX/ztmcm.
)
LaTeX Font Info:    Font shape `OT1/ptm/bx/n' in size <14.4> not available
(Font)              Font shape `OT1/ptm/b/n' tried instead on input line 44.
LaTeX Font Info:    Font shape `OT1/ptm/bx/n' in size <10.95> not available
(Font)              Font shape `OT1/ptm/b/n' tried instead on input line 44.
LaTeX Font Info:    Font shape `OT1/ptm/bx/n' in size <8> not available
(Font)              Font shape `OT1/ptm/b/n' tried instead on input line 44.

Overfull \hbox (5.15648pt too wide) in paragraph at lines 47--51
\OT1/ptm/m/n/10.95 on the BRISC 2025 dataset. Our experiments demonstrate [PLAC
EHOLDER: key findings].
 []


Overfull \hbox (0.84383pt too wide) in paragraph at lines 65--66
\OT1/ptm/m/n/12 Brain tumors are among the most serious forms of cancer, requir
ing early and accurate diagnosis
 []

LaTeX Font Info:    Trying to load font information for TS1+ptm on input line 7
1.
(/home/neuronetix/.miktex/texmfs/install/tex/latex/psnfss/ts1ptm.fd
File: ts1ptm.fd 2001/06/04 font definitions for TS1/ptm.
) [1

{/home/neuronetix/.miktex/texmfs/data/fonts/map/pdftex/pdftex.map}{/home/neuron
etix/.miktex/texmfs/install/fonts/enc/dvips/base/8r.enc}]
Overfull \hbox (2.88258pt too wide) in paragraph at lines 90--91
\OT1/ptm/m/n/12 We use the BRISC 2025 brain tumor MRI dataset [[]1[]] for our e
xperiments. The dataset comprises
 []

LaTeX Font Info:    Font shape `OT1/ptm/bx/n' in size <12> not available
(Font)              Font shape `OT1/ptm/b/n' tried instead on input line 105.
LaTeX Font Info:    Font shape `OT1/ptm/bx/n' in size <9> not available
(Font)              Font shape `OT1/ptm/b/n' tried instead on input line 105.
LaTeX Font Info:    Font shape `OT1/ptm/bx/n' in size <7> not available
(Font)              Font shape `OT1/ptm/b/n' tried instead on input line 105.
[2]
<../notebooks/models/figures/samples/all_tumor_samples.pdf, id=153, 1048.61157p
t x 1436.34775pt>
File: ../notebooks/models/figures/samples/all_tumor_samples.pdf Graphic file (t
ype pdf)
<use ../notebooks/models/figures/samples/all_tumor_samples.pdf>
Package pdftex.def Info: ../notebooks/models/figures/samples/all_tumor_samples.
pdf  used on input line 144.
(pdftex.def)             Requested size: 430.31812pt x 589.4324pt.
 [3]
<../notebooks/models/figures/samples/glioma_samples.pdf, id=161, 1069.59598pt x
 367.35994pt>
File: ../notebooks/models/figures/samples/glioma_samples.pdf Graphic file (type
 pdf)
<use ../notebooks/models/figures/samples/glioma_samples.pdf>
Package pdftex.def Info: ../notebooks/models/figures/samples/glioma_samples.pdf
  used on input line 151.
(pdftex.def)             Requested size: 217.42265pt x 74.67584pt.
<../notebooks/models/figures/samples/meningioma_samples.pdf, id=162, 1053.90637
pt x 353.38776pt>
File: ../notebooks/models/figures/samples/meningioma_samples.pdf Graphic file (
type pdf)
<use ../notebooks/models/figures/samples/meningioma_samples.pdf>
Package pdftex.def Info: ../notebooks/models/figures/samples/meningioma_samples
.pdf  used on input line 153.
(pdftex.def)             Requested size: 217.42265pt x 72.90329pt.
 [4 <../notebooks/models/figures/samples/all_tumor_samples.pdf>]
<../notebooks/models/figures/samples/pituitary_samples.pdf, id=229, 1069.59598p
t x 367.35994pt>
File: ../notebooks/models/figures/samples/pituitary_samples.pdf Graphic file (t
ype pdf)
<use ../notebooks/models/figures/samples/pituitary_samples.pdf>
Package pdftex.def Info: ../notebooks/models/figures/samples/pituitary_samples.
pdf  used on input line 160.
(pdftex.def)             Requested size: 217.42265pt x 74.67584pt.
<../notebooks/models/figures/samples/no_tumor_samples.pdf, id=230, 1027.5479pt 
x 353.38776pt>
File: ../notebooks/models/figures/samples/no_tumor_samples.pdf Graphic file (ty
pe pdf)
<use ../notebooks/models/figures/samples/no_tumor_samples.pdf>
Package pdftex.def Info: ../notebooks/models/figures/samples/no_tumor_samples.p
df  used on input line 162.
(pdftex.def)             Requested size: 217.42265pt x 74.7744pt.

Overfull \hbox (23.94318pt too wide) in paragraph at lines 169--170
\OT1/ptm/m/n/12 As shown in Table []2[], the dataset contains images with varyi
ng dimensions and intensity distributions.
 []

LaTeX Info: Symbol \textrightarrow not provided by
            font family ptm in TS1 encoding.
            Default family used instead on input line 194.
LaTeX Info: Symbol \textrightarrow not provided by
            font family ptm in TS1 encoding.
            Default family used instead on input line 194.
LaTeX Info: Symbol \textrightarrow not provided by
            font family ptm in TS1 encoding.
            Default family used instead on input line 194.
LaTeX Info: Symbol \textrightarrow not provided by
            font family ptm in TS1 encoding.
            Default family used instead on input line 194.
[5 <../notebooks/models/figures/samples/glioma_samples.pdf> <../notebooks/model
s/figures/samples/meningioma_samples.pdf> <../notebooks/models/figures/samples/
pituitary_samples.pdf> <../notebooks/models/figures/samples/no_tumor_samples.pd
f>]
LaTeX Info: Symbol \textrightarrow not provided by
            font family ptm in TS1 encoding.
            Default family used instead on input line 200.
 [6] [7]
<../notebooks/models/baseline_cnn/accuracy_curve.png, id=406, 610.9224pt x 393.
6306pt>
File: ../notebooks/models/baseline_cnn/accuracy_curve.png Graphic file (type pn
g)
<use ../notebooks/models/baseline_cnn/accuracy_curve.png>
Package pdftex.def Info: ../notebooks/models/baseline_cnn/accuracy_curve.png  u
sed on input line 301.
(pdftex.def)             Requested size: 217.42265pt x 140.0912pt.
<../notebooks/models/baseline_cnn/loss_curve.png, id=408, 610.9224pt x 393.6306
pt>
File: ../notebooks/models/baseline_cnn/loss_curve.png Graphic file (type png)
<use ../notebooks/models/baseline_cnn/loss_curve.png>
Package pdftex.def Info: ../notebooks/models/baseline_cnn/loss_curve.png  used 
on input line 303.
(pdftex.def)             Requested size: 217.42265pt x 140.0912pt.
<../notebooks/models/resnet18/accuracy_curve.png, id=409, 610.9224pt x 393.6306
pt>
File: ../notebooks/models/resnet18/accuracy_curve.png Graphic file (type png)
<use ../notebooks/models/resnet18/accuracy_curve.png>
Package pdftex.def Info: ../notebooks/models/resnet18/accuracy_curve.png  used 
on input line 310.
(pdftex.def)             Requested size: 217.42265pt x 140.0912pt.
<../notebooks/models/resnet18/loss_curve.png, id=410, 610.9224pt x 393.6306pt>
File: ../notebooks/models/resnet18/loss_curve.png Graphic file (type png)
<use ../notebooks/models/resnet18/loss_curve.png>
Package pdftex.def Info: ../notebooks/models/resnet18/loss_curve.png  used on i
nput line 312.
(pdftex.def)             Requested size: 217.42265pt x 140.0912pt.
 [8 <../notebooks/models/baseline_cnn/accuracy_curve.png> <../notebooks/models/
baseline_cnn/loss_curve.png>]
<../notebooks/models/pretrained_densenet121/accuracy_curve.png, id=422, 610.922
4pt x 393.6306pt>
File: ../notebooks/models/pretrained_densenet121/accuracy_curve.png Graphic fil
e (type png)
<use ../notebooks/models/pretrained_densenet121/accuracy_curve.png>
Package pdftex.def Info: ../notebooks/models/pretrained_densenet121/accuracy_cu
rve.png  used on input line 319.
(pdftex.def)             Requested size: 217.42265pt x 140.0912pt.
<../notebooks/models/pretrained_densenet121/loss_curve.png, id=423, 610.9224pt 
x 393.6306pt>
File: ../notebooks/models/pretrained_densenet121/loss_curve.png Graphic file (t
ype png)
<use ../notebooks/models/pretrained_densenet121/loss_curve.png>
Package pdftex.def Info: ../notebooks/models/pretrained_densenet121/loss_curve.
png  used on input line 321.
(pdftex.def)             Requested size: 217.42265pt x 140.0912pt.
<../notebooks/models/figures/metrics/performance_comparison.pdf, id=424, 1004.2
0985pt x 714.10478pt>
File: ../notebooks/models/figures/metrics/performance_comparison.pdf Graphic fi
le (type pdf)
<use ../notebooks/models/figures/metrics/performance_comparison.pdf>
Package pdftex.def Info: ../notebooks/models/figures/metrics/performance_compar
ison.pdf  used on input line 331.
(pdftex.def)             Requested size: 407.66833pt x 289.89732pt.
 [9 <../notebooks/models/resnet18/accuracy_curve.png> <../notebooks/models/resn
et18/loss_curve.png> <../notebooks/models/pretrained_densenet121/accuracy_curve
.png> <../notebooks/models/pretrained_densenet121/loss_curve.png>]
<../notebooks/models/figures/metrics/roc_curves.pdf, id=439, 1293.28984pt x 352
.34511pt>
File: ../notebooks/models/figures/metrics/roc_curves.pdf Graphic file (type pdf
)
<use ../notebooks/models/figures/metrics/roc_curves.pdf>
Package pdftex.def Info: ../notebooks/models/figures/metrics/roc_curves.pdf  us
ed on input line 356.
(pdftex.def)             Requested size: 407.66833pt x 111.06456pt.
<../notebooks/models/figures/metrics/pr_curves.pdf, id=440, 1293.28984pt x 352.
34511pt>
File: ../notebooks/models/figures/metrics/pr_curves.pdf Graphic file (type pdf)

<use ../notebooks/models/figures/metrics/pr_curves.pdf>
Package pdftex.def Info: ../notebooks/models/figures/metrics/pr_curves.pdf  use
d on input line 364.
(pdftex.def)             Requested size: 407.66833pt x 111.06456pt.
 [10 <../notebooks/models/figures/metrics/performance_comparison.pdf> <../noteb
ooks/models/figures/metrics/roc_curves.pdf>]
<../notebooks/models/figures/metrics/confusion_matrices.pdf, id=584, 1274.21933
pt x 350.81339pt>
File: ../notebooks/models/figures/metrics/confusion_matrices.pdf Graphic file (
type pdf)
<use ../notebooks/models/figures/metrics/confusion_matrices.pdf>
Package pdftex.def Info: ../notebooks/models/figures/metrics/confusion_matrices
.pdf  used on input line 374.
(pdftex.def)             Requested size: 430.31812pt x 118.47202pt.
<../notebooks/models/figures/predictions/baselinecnn.pdf, id=585, 1420.07137pt 
x 858.53058pt>
File: ../notebooks/models/figures/predictions/baselinecnn.pdf Graphic file (typ
e pdf)
<use ../notebooks/models/figures/predictions/baselinecnn.pdf>
Package pdftex.def Info: ../notebooks/models/figures/predictions/baselinecnn.pd
f  used on input line 402.
(pdftex.def)             Requested size: 385.02547pt x 232.76266pt.

[11 <../notebooks/models/figures/metrics/pr_curves.pdf> <../notebooks/models/fi
gures/metrics/confusion_matrices.pdf>]
<../notebooks/models/figures/predictions/resnet18.pdf, id=733, 1420.07137pt x 8
58.53058pt>
File: ../notebooks/models/figures/predictions/resnet18.pdf Graphic file (type p
df)
<use ../notebooks/models/figures/predictions/resnet18.pdf>
Package pdftex.def Info: ../notebooks/models/figures/predictions/resnet18.pdf  
used on input line 409.
(pdftex.def)             Requested size: 385.02547pt x 232.76266pt.
<../notebooks/models/figures/predictions/pretraineddensenet121.pdf, id=734, 142
0.07137pt x 858.53058pt>
File: ../notebooks/models/figures/predictions/pretraineddensenet121.pdf Graphic
 file (type pdf)
<use ../notebooks/models/figures/predictions/pretraineddensenet121.pdf>
Package pdftex.def Info: ../notebooks/models/figures/predictions/pretraineddens
enet121.pdf  used on input line 416.
(pdftex.def)             Requested size: 385.02547pt x 232.76266pt.
 [12 <../notebooks/models/figures/predictions/baselinecnn.pdf> <../notebooks/mo
dels/figures/predictions/resnet18.pdf>]
<../notebooks/models/figures/gradcam/baselinecnn.pdf, id=854, 1727.28625pt x 17
14.80812pt>
File: ../notebooks/models/figures/gradcam/baselinecnn.pdf Graphic file (type pd
f)
<use ../notebooks/models/figures/gradcam/baselinecnn.pdf>
Package pdftex.def Info: ../notebooks/models/figures/gradcam/baselinecnn.pdf  u
sed on input line 434.
(pdftex.def)             Requested size: 385.02547pt x 382.23047pt.

[13 <../notebooks/models/figures/predictions/pretraineddensenet121.pdf>]
<../notebooks/models/figures/gradcam/resnet18.pdf, id=918, 1727.28625pt x 1714.
80812pt>
File: ../notebooks/models/figures/gradcam/resnet18.pdf Graphic file (type pdf)
<use ../notebooks/models/figures/gradcam/resnet18.pdf>
Package pdftex.def Info: ../notebooks/models/figures/gradcam/resnet18.pdf  used
 on input line 441.
(pdftex.def)             Requested size: 385.02547pt x 382.23047pt.

[14 <../notebooks/models/figures/gradcam/baselinecnn.pdf>]
<../notebooks/models/figures/gradcam/pretraineddensenet121.pdf, id=1050, 1727.2
8625pt x 1714.80812pt>
File: ../notebooks/models/figures/gradcam/pretraineddensenet121.pdf Graphic fil
e (type pdf)
<use ../notebooks/models/figures/gradcam/pretraineddensenet121.pdf>
Package pdftex.def Info: ../notebooks/models/figures/gradcam/pretraineddensenet
121.pdf  used on input line 448.
(pdftex.def)             Requested size: 385.02547pt x 382.23047pt.
 [15 <../notebooks/models/figures/gradcam/resnet18.pdf>]
<../notebooks/models/figures/gradcam_misclassified/baselinecnn.pdf, id=1179, 17
27.28625pt x 2304.20076pt>
File: ../notebooks/models/figures/gradcam_misclassified/baselinecnn.pdf Graphic
 file (type pdf)
<use ../notebooks/models/figures/gradcam_misclassified/baselinecnn.pdf>
Package pdftex.def Info: ../notebooks/models/figures/gradcam_misclassified/base
linecnn.pdf  used on input line 458.
(pdftex.def)             Requested size: 385.02547pt x 513.60599pt.
 [16 <../notebooks/models/figures/gradcam/pretraineddensenet121.pdf>]
<../notebooks/models/figures/gradcam_misclassified/resnet18.pdf, id=1311, 1727.
28625pt x 2304.20076pt>
File: ../notebooks/models/figures/gradcam_misclassified/resnet18.pdf Graphic fi
le (type pdf)
<use ../notebooks/models/figures/gradcam_misclassified/resnet18.pdf>
Package pdftex.def Info: ../notebooks/models/figures/gradcam_misclassified/resn
et18.pdf  used on input line 465.
(pdftex.def)             Requested size: 385.02547pt x 513.60599pt.
 [17 <../notebooks/models/figures/gradcam_misclassified/baselinecnn.pdf>]
<../notebooks/models/figures/gradcam_misclassified/pretraineddensenet121.pdf, i
d=1463, 1727.28625pt x 2304.20076pt>
File: ../notebooks/models/figures/gradcam_misclassified/pretraineddensenet121.p
df Graphic file (type pdf)
<use ../notebooks/models/figures/gradcam_misclassified/pretraineddensenet121.pd
f>
Package pdftex.def Info: ../notebooks/models/figures/gradcam_misclassified/pret
raineddensenet121.pdf  used on input line 472.
(pdftex.def)             Requested size: 385.02547pt x 513.60599pt.
 [18 <../notebooks/models/figures/gradcam_misclassified/resnet18.pdf>]
Overfull \hbox (8.29457pt too wide) in paragraph at lines 483--484
[]\OT1/ptm/b/n/12 DenseNet-121\OT1/ptm/m/n/12 : [PLACEHOLDER: Observations abou
t DenseNet attention patterns, likely
 []

<../notebooks/models/figures/misclassified/baselinecnn.pdf, id=1613, 1114.65114
pt x 573.42583pt>
File: ../notebooks/models/figures/misclassified/baselinecnn.pdf Graphic file (t
ype pdf)
<use ../notebooks/models/figures/misclassified/baselinecnn.pdf>
Package pdftex.def Info: ../notebooks/models/figures/misclassified/baselinecnn.
pdf  used on input line 490.
(pdftex.def)             Requested size: 385.02547pt x 198.07712pt.
[19 <../notebooks/models/figures/gradcam_misclassified/pretraineddensenet121.pd
f>]
<../notebooks/models/figures/misclassified/resnet18.pdf, id=1765, 1114.65114pt 
x 573.42583pt>
File: ../notebooks/models/figures/misclassified/resnet18.pdf Graphic file (type
 pdf)
<use ../notebooks/models/figures/misclassified/resnet18.pdf>
Package pdftex.def Info: ../notebooks/models/figures/misclassified/resnet18.pdf
  used on input line 497.
(pdftex.def)             Requested size: 385.02547pt x 198.07712pt.
<../notebooks/models/figures/misclassified/pretraineddensenet121.pdf, id=1766, 
1114.65114pt x 573.42583pt>
File: ../notebooks/models/figures/misclassified/pretraineddensenet121.pdf Graph
ic file (type pdf)
<use ../notebooks/models/figures/misclassified/pretraineddensenet121.pdf>
Package pdftex.def Info: ../notebooks/models/figures/misclassified/pretrainedde
nsenet121.pdf  used on input line 504.
(pdftex.def)             Requested size: 385.02547pt x 198.07712pt.
 [20 <../notebooks/models/figures/misclassified/baselinecnn.pdf> <../notebooks/
models/figures/misclassified/resnet18.pdf>]
<../notebooks/models/figures/feature_maps/baselinecnn.pdf, id=1881, 1580.40327p
t x 569.6552pt>
File: ../notebooks/models/figures/feature_maps/baselinecnn.pdf Graphic file (ty
pe pdf)
<use ../notebooks/models/figures/feature_maps/baselinecnn.pdf>
Package pdftex.def Info: ../notebooks/models/figures/feature_maps/baselinecnn.p
df  used on input line 516.
(pdftex.def)             Requested size: 385.02547pt x 138.78009pt.
<../notebooks/models/figures/feature_maps/resnet18.pdf, id=1882, 1580.40327pt x
 569.6552pt>
File: ../notebooks/models/figures/feature_maps/resnet18.pdf Graphic file (type 
pdf)
<use ../notebooks/models/figures/feature_maps/resnet18.pdf>
Package pdftex.def Info: ../notebooks/models/figures/feature_maps/resnet18.pdf 
 used on input line 523.
(pdftex.def)             Requested size: 385.02547pt x 138.78009pt.
<../notebooks/models/figures/feature_maps/pretraineddensenet121.pdf, id=1883, 1
580.40327pt x 569.6552pt>
File: ../notebooks/models/figures/feature_maps/pretraineddensenet121.pdf Graphi
c file (type pdf)
<use ../notebooks/models/figures/feature_maps/pretraineddensenet121.pdf>
Package pdftex.def Info: ../notebooks/models/figures/feature_maps/pretrainedden
senet121.pdf  used on input line 530.
(pdftex.def)             Requested size: 385.02547pt x 138.78009pt.
 [21 <../notebooks/models/figures/misclassified/pretraineddensenet121.pdf> <../
notebooks/models/figures/feature_maps/baselinecnn.pdf> <../notebooks/models/fig
ures/feature_maps/resnet18.pdf>]
Overfull \hbox (15.73473pt too wide) in paragraph at lines 546--547
[]\OT1/ptm/b/n/12 Transfer Learning Advantage\OT1/ptm/m/n/12 : [PLACEHOLDER: Di
scuss DenseNet pretraining benefits] 
 []


Overfull \hbox (13.35904pt too wide) in paragraph at lines 547--548
[]\OT1/ptm/b/n/12 Model Complexity\OT1/ptm/m/n/12 : [PLACEHOLDER: Compare param
eter counts and training efficiency] 
 []


Overfull \hbox (36.76004pt too wide) in paragraph at lines 575--576
\OT1/ptm/m/n/12 [PLACEHOLDER: Document any unexpected findings, interesting pat
terns, or additional experiments] 
 []

[22 <../notebooks/models/figures/feature_maps/pretraineddensenet121.pdf>]
Overfull \hbox (41.61777pt too wide) in paragraph at lines 588--589
\OT1/ptm/m/n/12 classification using the BRISC 2025 MRI dataset. Our experiment
s demonstrate that [PLACEHOLDER:
 []


Overfull \hbox (30.2324pt too wide) in paragraph at lines 588--589
\OT1/ptm/m/n/12 main finding]. The pretrained DenseNet-121 achieved [PLACEHOLDE
R: performance], highlighting
 []

(main.bbl) [23] (main.aux)
 ***********
LaTeX2e <2025-11-01>
L3 programming layer <2025-10-24>
 ***********
Package rerunfilecheck Info: File `main.out' has not changed.
(rerunfilecheck)             Checksum: BDE8A1C324E6700569D1FA7F715FC847;5026.
 ) 
Here is how much of TeX's memory you used:
 13685 strings out of 469808
 225891 string characters out of 5469970
 629187 words of memory out of 5000000
 42005 multiletter control sequences out of 15000+600000
 669754 words of font info for 127 fonts, out of 8000000 for 9000
 0 hyphenation exceptions out of 8191
 75i,10n,79p,844b,515s stack positions out of 10000i,1000n,20000p,200000b,200000s
 </home/neuronetix/.miktex/texmfs/data/fonts/pk/ljfour/jknappen/ec/dpi600/tcr
m1200.pk></home/neuronetix/.miktex/texmfs/install/fonts/type1/public/amsfonts/c
m/cmr10.pfb></home/neuronetix/.miktex/texmfs/install/fonts/type1/public/amsfont
s/cm/cmsy10.pfb></home/neuronetix/.miktex/texmfs/install/fonts/type1/public/ams
fonts/cm/cmtt12.pfb></home/neuronetix/.miktex/texmfs/install/fonts/type1/public
/rsfs/rsfs10.pfb></home/neuronetix/.miktex/texmfs/install/fonts/type1/urw/symbo
l/usyr.pfb></home/neuronetix/.miktex/texmfs/install/fonts/type1/urw/times/utmb8
a.pfb></home/neuronetix/.miktex/texmfs/install/fonts/type1/urw/times/utmr8a.pfb
></home/neuronetix/.miktex/texmfs/install/fonts/type1/urw/times/utmri8a.pfb>
Output written on main.pdf (23 pages, 37240131 bytes).
PDF statistics:
 2201 PDF objects out of 2487 (max. 8388607)
 114 named destinations out of 1000 (max. 500000)
 415 words of extra memory for PDF output out of 10000 (max. 10000000)

