This is pdfTeX, Version 3.141592653-2.6-1.40.27 (MiKTeX 25.4) (preloaded format=pdflatex 2025.11.14)  19 DEC 2025 19:08
entering extended mode
 restricted \write18 enabled.
 file:line:error style messages enabled.
 %&-line parsing enabled.
**/mnt/DATA/Bibek/NAAMII/Assignment/naamii/report/main.tex
(/mnt/DATA/Bibek/NAAMII/Assignment/naamii/report/main.tex
LaTeX2e <2025-11-01>
L3 programming layer <2025-10-24>
(/home/neuronetix/.miktex/texmfs/install/tex/latex/base/article.cls
Document Class: article 2025/01/22 v1.4n Standard LaTeX document class
(/home/neuronetix/.miktex/texmfs/install/tex/latex/base/size12.clo
File: size12.clo 2025/01/22 v1.4n Standard LaTeX file (size option)
)
\c@part=\count275
\c@section=\count276
\c@subsection=\count277
\c@subsubsection=\count278
\c@paragraph=\count279
\c@subparagraph=\count280
\c@figure=\count281
\c@table=\count282
\abovecaptionskip=\skip49
\belowcaptionskip=\skip50
\bibindent=\dimen148
) (/home/neuronetix/.miktex/texmfs/install/tex/latex/geometry/geometry.sty
Package: geometry 2020/01/02 v5.9 Page Geometry
 (/home/neuronetix/.miktex/texmfs/install/tex/latex/graphics/keyval.sty
Package: keyval 2022/05/29 v1.15 key=value parser (DPC)
\KV@toks@=\toks17
) (/home/neuronetix/.miktex/texmfs/install/tex/generic/iftex/ifvtex.sty
Package: ifvtex 2019/10/25 v1.7 ifvtex legacy package. Use iftex instead.
 (/home/neuronetix/.miktex/texmfs/install/tex/generic/iftex/iftex.sty
Package: iftex 2024/12/12 v1.0g TeX engine tests
))
\Gm@cnth=\count283
\Gm@cntv=\count284
\c@Gm@tempcnt=\count285
\Gm@bindingoffset=\dimen149
\Gm@wd@mp=\dimen150
\Gm@odd@mp=\dimen151
\Gm@even@mp=\dimen152
\Gm@layoutwidth=\dimen153
\Gm@layoutheight=\dimen154
\Gm@layouthoffset=\dimen155
\Gm@layoutvoffset=\dimen156
\Gm@dimlist=\toks18
 (/home/neuronetix/.miktex/texmfs/install/tex/latex/geometry/geometry.cfg)) (/home/neuronetix/.miktex/texmfs/install/tex/latex/microtype/microtype.sty
Package: microtype 2025/07/09 v3.2b Micro-typographical refinements (RS)
 (/home/neuronetix/.miktex/texmfs/install/tex/latex/etoolbox/etoolbox.sty
Package: etoolbox 2025/10/02 v2.5m e-TeX tools for LaTeX (JAW)
\etb@tempcnta=\count286
)
\MT@toks=\toks19
\MT@tempbox=\box53
\MT@count=\count287
LaTeX Info: Redefining \noprotrusionifhmode on input line 1087.
LaTeX Info: Redefining \leftprotrusion on input line 1088.
\MT@prot@toks=\toks20
LaTeX Info: Redefining \rightprotrusion on input line 1107.
LaTeX Info: Redefining \textls on input line 1449.
\MT@outer@kern=\dimen157
LaTeX Info: Redefining \microtypecontext on input line 2053.
LaTeX Info: Redefining \textmicrotypecontext on input line 2070.
\MT@listname@count=\count288
 (/home/neuronetix/.miktex/texmfs/install/tex/latex/microtype/microtype-pdftex.def
File: microtype-pdftex.def 2025/07/09 v3.2b Definitions specific to pdftex (RS)
LaTeX Info: Redefining \lsstyle on input line 944.
LaTeX Info: Redefining \lslig on input line 944.
\MT@outer@space=\skip51
)
Package microtype Info: Loading configuration file microtype.cfg.
 (/home/neuronetix/.miktex/texmfs/install/tex/latex/microtype/microtype.cfg
File: microtype.cfg 2025/07/09 v3.2b microtype main configuration file (RS)
)
LaTeX Info: Redefining \microtypesetup on input line 3065.
) (/home/neuronetix/.miktex/texmfs/install/tex/latex/cite/cite.sty
LaTeX Info: Redefining \cite on input line 302.
LaTeX Info: Redefining \nocite on input line 332.
Package: cite 2015/02/27  v 5.5
) (/home/neuronetix/.miktex/texmfs/install/tex/latex/amsmath/amsmath.sty
Package: amsmath 2025/07/09 v2.17z AMS math features
\@mathmargin=\skip52

For additional information on amsmath, use the `?' option.
(/home/neuronetix/.miktex/texmfs/install/tex/latex/amsmath/amstext.sty
Package: amstext 2024/11/17 v2.01 AMS text
 (/home/neuronetix/.miktex/texmfs/install/tex/latex/amsmath/amsgen.sty
File: amsgen.sty 1999/11/30 v2.0 generic functions
\@emptytoks=\toks21
\ex@=\dimen158
)) (/home/neuronetix/.miktex/texmfs/install/tex/latex/amsmath/amsbsy.sty
Package: amsbsy 1999/11/29 v1.2d Bold Symbols
\pmbraise@=\dimen159
) (/home/neuronetix/.miktex/texmfs/install/tex/latex/amsmath/amsopn.sty
Package: amsopn 2022/04/08 v2.04 operator names
)
\inf@bad=\count289
LaTeX Info: Redefining \frac on input line 233.
\uproot@=\count290
\leftroot@=\count291
LaTeX Info: Redefining \overline on input line 398.
LaTeX Info: Redefining \colon on input line 409.
\classnum@=\count292
\DOTSCASE@=\count293
LaTeX Info: Redefining \ldots on input line 495.
LaTeX Info: Redefining \dots on input line 498.
LaTeX Info: Redefining \cdots on input line 619.
\Mathstrutbox@=\box54
\strutbox@=\box55
LaTeX Info: Redefining \big on input line 721.
LaTeX Info: Redefining \Big on input line 722.
LaTeX Info: Redefining \bigg on input line 723.
LaTeX Info: Redefining \Bigg on input line 724.
\big@size=\dimen160
LaTeX Font Info:    Redeclaring font encoding OML on input line 742.
LaTeX Font Info:    Redeclaring font encoding OMS on input line 743.
\macc@depth=\count294
LaTeX Info: Redefining \bmod on input line 904.
LaTeX Info: Redefining \pmod on input line 909.
LaTeX Info: Redefining \smash on input line 939.
LaTeX Info: Redefining \relbar on input line 969.
LaTeX Info: Redefining \Relbar on input line 970.
\c@MaxMatrixCols=\count295
\dotsspace@=\muskip17
\c@parentequation=\count296
\dspbrk@lvl=\count297
\tag@help=\toks22
\row@=\count298
\column@=\count299
\maxfields@=\count300
\andhelp@=\toks23
\eqnshift@=\dimen161
\alignsep@=\dimen162
\tagshift@=\dimen163
\tagwidth@=\dimen164
\totwidth@=\dimen165
\lineht@=\dimen166
\@envbody=\toks24
\multlinegap=\skip53
\multlinetaggap=\skip54
\mathdisplay@stack=\toks25
LaTeX Info: Redefining \[ on input line 2950.
LaTeX Info: Redefining \] on input line 2951.
) (/home/neuronetix/.miktex/texmfs/install/tex/latex/amsfonts/amssymb.sty
Package: amssymb 2013/01/14 v3.01 AMS font symbols
 (/home/neuronetix/.miktex/texmfs/install/tex/latex/amsfonts/amsfonts.sty
Package: amsfonts 2013/01/14 v3.01 Basic AMSFonts support
\symAMSa=\mathgroup4
\symAMSb=\mathgroup5
LaTeX Font Info:    Redeclaring math symbol \hbar on input line 98.
LaTeX Font Info:    Overwriting math alphabet `\mathfrak' in version `bold'
(Font)                  U/euf/m/n --> U/euf/b/n on input line 106.
)) (/home/neuronetix/.miktex/texmfs/install/tex/latex/algorithms/algorithmic.sty
Package: algorithmic 2009/08/24 v0.1 Document Style `algorithmic'
 (/home/neuronetix/.miktex/texmfs/install/tex/latex/base/ifthen.sty
Package: ifthen 2024/03/16 v1.1e Standard LaTeX ifthen package (DPC)
)
\c@ALC@unique=\count301
\c@ALC@line=\count302
\c@ALC@rem=\count303
\c@ALC@depth=\count304
\ALC@tlm=\skip55
\algorithmicindent=\skip56
) (/home/neuronetix/.miktex/texmfs/install/tex/latex/graphics/graphicx.sty
Package: graphicx 2024/12/31 v1.2e Enhanced LaTeX Graphics (DPC,SPQR)
 (/home/neuronetix/.miktex/texmfs/install/tex/latex/graphics/graphics.sty
Package: graphics 2024/08/06 v1.4g Standard LaTeX Graphics (DPC,SPQR)
 (/home/neuronetix/.miktex/texmfs/install/tex/latex/graphics/trig.sty
Package: trig 2023/12/02 v1.11 sin cos tan (DPC)
) (/home/neuronetix/.miktex/texmfs/install/tex/latex/graphics-cfg/graphics.cfg
File: graphics.cfg 2016/06/04 v1.11 sample graphics configuration
)
Package graphics Info: Driver file: pdftex.def on input line 106.
 (/home/neuronetix/.miktex/texmfs/install/tex/latex/graphics-def/pdftex.def
File: pdftex.def 2025/09/29 v1.2d Graphics/color driver for pdftex
))
\Gin@req@height=\dimen167
\Gin@req@width=\dimen168
) (/home/neuronetix/.miktex/texmfs/install/tex/latex/base/textcomp.sty
Package: textcomp 2024/04/24 v2.1b Standard LaTeX package
) (/home/neuronetix/.miktex/texmfs/install/tex/latex/xcolor/xcolor.sty
Package: xcolor 2024/09/29 v3.02 LaTeX color extensions (UK)
 (/home/neuronetix/.miktex/texmfs/install/tex/latex/graphics-cfg/color.cfg
File: color.cfg 2016/01/02 v1.6 sample color configuration
)
Package xcolor Info: Driver file: pdftex.def on input line 274.
 (/home/neuronetix/.miktex/texmfs/install/tex/latex/graphics/mathcolor.ltx)
Package xcolor Info: Model `cmy' substituted by `cmy0' on input line 1349.
Package xcolor Info: Model `hsb' substituted by `rgb' on input line 1353.
Package xcolor Info: Model `RGB' extended on input line 1365.
Package xcolor Info: Model `HTML' substituted by `rgb' on input line 1367.
Package xcolor Info: Model `Hsb' substituted by `hsb' on input line 1368.
Package xcolor Info: Model `tHsb' substituted by `hsb' on input line 1369.
Package xcolor Info: Model `HSB' substituted by `hsb' on input line 1370.
Package xcolor Info: Model `Gray' substituted by `gray' on input line 1371.
Package xcolor Info: Model `wave' substituted by `hsb' on input line 1372.
) (/home/neuronetix/.miktex/texmfs/install/tex/latex/booktabs/booktabs.sty
Package: booktabs 2020/01/12 v1.61803398 Publication quality tables
\heavyrulewidth=\dimen169
\lightrulewidth=\dimen170
\cmidrulewidth=\dimen171
\belowrulesep=\dimen172
\belowbottomsep=\dimen173
\aboverulesep=\dimen174
\abovetopsep=\dimen175
\cmidrulesep=\dimen176
\cmidrulekern=\dimen177
\defaultaddspace=\dimen178
\@cmidla=\count305
\@cmidlb=\count306
\@aboverulesep=\dimen179
\@belowrulesep=\dimen180
\@thisruleclass=\count307
\@lastruleclass=\count308
\@thisrulewidth=\dimen181
) (/home/neuronetix/.miktex/texmfs/install/tex/latex/multirow/multirow.sty
Package: multirow 2024/11/12 v2.9 Span multiple rows of a table
\multirow@colwidth=\skip57
\multirow@cntb=\count309
\multirow@dima=\skip58
\bigstrutjot=\dimen182
) (/home/neuronetix/.miktex/texmfs/install/tex/latex/subfig/subfig.sty
Package: subfig 2005/06/28 ver: 1.3 subfig package
 (/home/neuronetix/.miktex/texmfs/install/tex/latex/caption/caption.sty
Package: caption 2023/08/05 v3.6o Customizing captions (AR)
 (/home/neuronetix/.miktex/texmfs/install/tex/latex/caption/caption3.sty
Package: caption3 2023/07/31 v2.4d caption3 kernel (AR)
\caption@tempdima=\dimen183
\captionmargin=\dimen184
\caption@leftmargin=\dimen185
\caption@rightmargin=\dimen186
\caption@width=\dimen187
\caption@indent=\dimen188
\caption@parindent=\dimen189
\caption@hangindent=\dimen190
Package caption Info: Standard document class detected.
)
\c@caption@flags=\count310
\c@continuedfloat=\count311
)
\c@KVtest=\count312
\sf@farskip=\skip59
\sf@captopadj=\dimen191
\sf@capskip=\skip60
\sf@nearskip=\skip61
\c@subfigure=\count313
\c@subfigure@save=\count314
\c@lofdepth=\count315
\c@subtable=\count316
\c@subtable@save=\count317
\c@lotdepth=\count318
\sf@top=\skip62
\sf@bottom=\skip63
) (/home/neuronetix/.miktex/texmfs/install/tex/latex/hyperref/hyperref.sty
Package: hyperref 2025-07-12 v7.01o Hypertext links for LaTeX
 (/home/neuronetix/.miktex/texmfs/install/tex/latex/kvsetkeys/kvsetkeys.sty
Package: kvsetkeys 2022-10-05 v1.19 Key value parser (HO)
) (/home/neuronetix/.miktex/texmfs/install/tex/generic/kvdefinekeys/kvdefinekeys.sty
Package: kvdefinekeys 2019-12-19 v1.6 Define keys (HO)
) (/home/neuronetix/.miktex/texmfs/install/tex/generic/pdfescape/pdfescape.sty
Package: pdfescape 2019/12/09 v1.15 Implements pdfTeX's escape features (HO)
 (/home/neuronetix/.miktex/texmfs/install/tex/generic/ltxcmds/ltxcmds.sty
Package: ltxcmds 2023-12-04 v1.26 LaTeX kernel commands for general use (HO)
) (/home/neuronetix/.miktex/texmfs/install/tex/generic/pdftexcmds/pdftexcmds.sty
Package: pdftexcmds 2020-06-27 v0.33 Utility functions of pdfTeX for LuaTeX (HO)
 (/home/neuronetix/.miktex/texmfs/install/tex/generic/infwarerr/infwarerr.sty
Package: infwarerr 2019/12/03 v1.5 Providing info/warning/error messages (HO)
)
Package pdftexcmds Info: \pdf@primitive is available.
Package pdftexcmds Info: \pdf@ifprimitive is available.
Package pdftexcmds Info: \pdfdraftmode found.
)) (/home/neuronetix/.miktex/texmfs/install/tex/latex/hycolor/hycolor.sty
Package: hycolor 2020-01-27 v1.10 Color options for hyperref/bookmark (HO)
) (/home/neuronetix/.miktex/texmfs/install/tex/latex/hyperref/nameref.sty
Package: nameref 2025-06-21 v2.57 Cross-referencing by name of section
 (/home/neuronetix/.miktex/texmfs/install/tex/latex/refcount/refcount.sty
Package: refcount 2019/12/15 v3.6 Data extraction from label references (HO)
) (/home/neuronetix/.miktex/texmfs/install/tex/generic/gettitlestring/gettitlestring.sty
Package: gettitlestring 2019/12/15 v1.6 Cleanup title references (HO)
 (/home/neuronetix/.miktex/texmfs/install/tex/latex/kvoptions/kvoptions.sty
Package: kvoptions 2022-06-15 v3.15 Key value format for package options (HO)
))
\c@section@level=\count319
) (/home/neuronetix/.miktex/texmfs/install/tex/generic/stringenc/stringenc.sty
Package: stringenc 2019/11/29 v1.12 Convert strings between diff. encodings (HO)
)
\@linkdim=\dimen192
\Hy@linkcounter=\count320
\Hy@pagecounter=\count321
 (/home/neuronetix/.miktex/texmfs/install/tex/latex/hyperref/pd1enc.def
File: pd1enc.def 2025-07-12 v7.01o Hyperref: PDFDocEncoding definition (HO)
Now handling font encoding PD1 ...
... no UTF-8 mapping file for font encoding PD1
) (/home/neuronetix/.miktex/texmfs/install/tex/generic/intcalc/intcalc.sty
Package: intcalc 2019/12/15 v1.3 Expandable calculations with integers (HO)
)
\Hy@SavedSpaceFactor=\count322
 (/home/neuronetix/.miktex/texmfs/install/tex/latex/hyperref/puenc.def
File: puenc.def 2025-07-12 v7.01o Hyperref: PDF Unicode definition (HO)
Now handling font encoding PU ...
... no UTF-8 mapping file for font encoding PU
)
Package hyperref Info: Hyper figures OFF on input line 4195.
Package hyperref Info: Link nesting OFF on input line 4200.
Package hyperref Info: Hyper index ON on input line 4203.
Package hyperref Info: Plain pages OFF on input line 4210.
Package hyperref Info: Backreferencing OFF on input line 4215.
Package hyperref Info: Implicit mode ON; LaTeX internals redefined.
Package hyperref Info: Bookmarks ON on input line 4462.
\c@Hy@tempcnt=\count323
 (/home/neuronetix/.miktex/texmfs/install/tex/latex/url/url.sty
\Urlmuskip=\muskip18
Package: url 2013/09/16  ver 3.4  Verb mode for urls, etc.
)
LaTeX Info: Redefining \url on input line 4801.
\XeTeXLinkMargin=\dimen193
 (/home/neuronetix/.miktex/texmfs/install/tex/generic/bitset/bitset.sty
Package: bitset 2019/12/09 v1.3 Handle bit-vector datatype (HO)
 (/home/neuronetix/.miktex/texmfs/install/tex/generic/bigintcalc/bigintcalc.sty
Package: bigintcalc 2019/12/15 v1.5 Expandable calculations on big integers (HO)
))
\Fld@menulength=\count324
\Field@Width=\dimen194
\Fld@charsize=\dimen195
Package hyperref Info: Hyper figures OFF on input line 6078.
Package hyperref Info: Link nesting OFF on input line 6083.
Package hyperref Info: Hyper index ON on input line 6086.
Package hyperref Info: backreferencing OFF on input line 6093.
Package hyperref Info: Link coloring OFF on input line 6098.
Package hyperref Info: Link coloring with OCG OFF on input line 6103.
Package hyperref Info: PDF/A mode OFF on input line 6108.
\Hy@abspage=\count325
\c@Item=\count326
\c@Hfootnote=\count327
)
Package hyperref Info: Driver (autodetected): hpdftex.
 (/home/neuronetix/.miktex/texmfs/install/tex/latex/hyperref/hpdftex.def
File: hpdftex.def 2025-07-12 v7.01o Hyperref driver for pdfTeX
\Fld@listcount=\count328
\c@bookmark@seq@number=\count329
 (/home/neuronetix/.miktex/texmfs/install/tex/latex/rerunfilecheck/rerunfilecheck.sty
Package: rerunfilecheck 2025-06-21 v1.11 Rerun checks for auxiliary files (HO)
 (/home/neuronetix/.miktex/texmfs/install/tex/generic/uniquecounter/uniquecounter.sty
Package: uniquecounter 2019/12/15 v1.4 Provide unlimited unique counter (HO)
)
Package uniquecounter Info: New unique counter `rerunfilecheck' on input line 284.
)
\Hy@SectionHShift=\skip64
) (/home/neuronetix/.miktex/texmfs/install/tex/latex/float/float.sty
Package: float 2001/11/08 v1.3d Float enhancements (AL)
\c@float@type=\count330
\float@exts=\toks26
\float@box=\box56
\@float@everytoks=\toks27
\@floatcapt=\box57
) (/home/neuronetix/.miktex/texmfs/install/tex/latex/preprint/authblk.sty
Package: authblk 2001/02/27 1.3 (PWD)
\affilsep=\skip65
\@affilsep=\skip66
\c@Maxaffil=\count331
\c@authors=\count332
\c@affil=\count333
) (/home/neuronetix/.miktex/texmfs/install/tex/latex/setspace/setspace.sty
Package: setspace 2022/12/04 v6.7b set line spacing
) (/home/neuronetix/.miktex/texmfs/install/tex/latex/titlesec/titlesec.sty
Package: titlesec 2025/01/04 v2.17 Sectioning titles
\ttl@box=\box58
\beforetitleunit=\skip67
\aftertitleunit=\skip68
\ttl@plus=\dimen196
\ttl@minus=\dimen197
\ttl@toksa=\toks28
\titlewidth=\dimen198
\titlewidthlast=\dimen199
\titlewidthfirst=\dimen256
) (/home/neuronetix/.miktex/texmfs/install/tex/latex/psnfss/mathptmx.sty
Package: mathptmx 2020/03/25 PSNFSS-v9.3 Times w/ Math, improved (SPQR, WaS) 
LaTeX Font Info:    Redeclaring symbol font `operators' on input line 28.
LaTeX Font Info:    Overwriting symbol font `operators' in version `normal'
(Font)                  OT1/cmr/m/n --> OT1/ztmcm/m/n on input line 28.
LaTeX Font Info:    Overwriting symbol font `operators' in version `bold'
(Font)                  OT1/cmr/bx/n --> OT1/ztmcm/m/n on input line 28.
LaTeX Font Info:    Redeclaring symbol font `letters' on input line 29.
LaTeX Font Info:    Overwriting symbol font `letters' in version `normal'
(Font)                  OML/cmm/m/it --> OML/ztmcm/m/it on input line 29.
LaTeX Font Info:    Overwriting symbol font `letters' in version `bold'
(Font)                  OML/cmm/b/it --> OML/ztmcm/m/it on input line 29.
LaTeX Font Info:    Redeclaring symbol font `symbols' on input line 30.
LaTeX Font Info:    Overwriting symbol font `symbols' in version `normal'
(Font)                  OMS/cmsy/m/n --> OMS/ztmcm/m/n on input line 30.
LaTeX Font Info:    Overwriting symbol font `symbols' in version `bold'
(Font)                  OMS/cmsy/b/n --> OMS/ztmcm/m/n on input line 30.
LaTeX Font Info:    Redeclaring symbol font `largesymbols' on input line 31.
LaTeX Font Info:    Overwriting symbol font `largesymbols' in version `normal'
(Font)                  OMX/cmex/m/n --> OMX/ztmcm/m/n on input line 31.
LaTeX Font Info:    Overwriting symbol font `largesymbols' in version `bold'
(Font)                  OMX/cmex/m/n --> OMX/ztmcm/m/n on input line 31.
\symbold=\mathgroup6
\symitalic=\mathgroup7
LaTeX Font Info:    Redeclaring math alphabet \mathbf on input line 34.
LaTeX Font Info:    Overwriting math alphabet `\mathbf' in version `normal'
(Font)                  OT1/cmr/bx/n --> OT1/ptm/bx/n on input line 34.
LaTeX Font Info:    Overwriting math alphabet `\mathbf' in version `bold'
(Font)                  OT1/cmr/bx/n --> OT1/ptm/bx/n on input line 34.
LaTeX Font Info:    Redeclaring math alphabet \mathit on input line 35.
LaTeX Font Info:    Overwriting math alphabet `\mathit' in version `normal'
(Font)                  OT1/cmr/m/it --> OT1/ptm/m/it on input line 35.
LaTeX Font Info:    Overwriting math alphabet `\mathit' in version `bold'
(Font)                  OT1/cmr/bx/it --> OT1/ptm/m/it on input line 35.
LaTeX Info: Redefining \hbar on input line 50.
)
LaTeX Font Info:    Trying to load font information for OT1+ptm on input line 36.
 (/home/neuronetix/.miktex/texmfs/install/tex/latex/psnfss/ot1ptm.fd
File: ot1ptm.fd 2001/06/04 font definitions for OT1/ptm.
) (/home/neuronetix/.miktex/texmfs/install/tex/latex/l3backend-dev/l3backend-pdftex.def
File: l3backend-pdftex.def 2025-10-09 L3 backend support: PDF output (pdfTeX)
\l__color_backend_stack_int=\count334
) (main.aux)
\openout1 = `main.aux'.

LaTeX Font Info:    Checking defaults for OML/cmm/m/it on input line 36.
LaTeX Font Info:    ... okay on input line 36.
LaTeX Font Info:    Checking defaults for OMS/cmsy/m/n on input line 36.
LaTeX Font Info:    ... okay on input line 36.
LaTeX Font Info:    Checking defaults for OT1/cmr/m/n on input line 36.
LaTeX Font Info:    ... okay on input line 36.
LaTeX Font Info:    Checking defaults for T1/cmr/m/n on input line 36.
LaTeX Font Info:    ... okay on input line 36.
LaTeX Font Info:    Checking defaults for TS1/cmr/m/n on input line 36.
LaTeX Font Info:    ... okay on input line 36.
LaTeX Font Info:    Checking defaults for OMX/cmex/m/n on input line 36.
LaTeX Font Info:    ... okay on input line 36.
LaTeX Font Info:    Checking defaults for U/cmr/m/n on input line 36.
LaTeX Font Info:    ... okay on input line 36.
LaTeX Font Info:    Checking defaults for PD1/pdf/m/n on input line 36.
LaTeX Font Info:    ... okay on input line 36.
LaTeX Font Info:    Checking defaults for PU/pdf/m/n on input line 36.
LaTeX Font Info:    ... okay on input line 36.

*geometry* driver: auto-detecting
*geometry* detected driver: pdftex
*geometry* verbose mode - [ preamble ] result:
* driver: pdftex
* paper: a4paper
* layout: <same size as paper>
* layoutoffset:(h,v)=(0.0pt,0.0pt)
* modes: 
* h-part:(L,W,R)=(72.26999pt, 452.9679pt, 72.26999pt)
* v-part:(T,H,B)=(72.26999pt, 700.50687pt, 72.26999pt)
* \paperwidth=597.50787pt
* \paperheight=845.04684pt
* \textwidth=452.9679pt
* \textheight=700.50687pt
* \oddsidemargin=0.0pt
* \evensidemargin=0.0pt
* \topmargin=-37.0pt
* \headheight=12.0pt
* \headsep=25.0pt
* \topskip=12.0pt
* \footskip=30.0pt
* \marginparwidth=35.0pt
* \marginparsep=10.0pt
* \columnsep=10.0pt
* \skip\footins=10.8pt plus 4.0pt minus 2.0pt
* \hoffset=0.0pt
* \voffset=0.0pt
* \mag=1000
* \@twocolumnfalse
* \@twosidefalse
* \@mparswitchfalse
* \@reversemarginfalse
* (1in=72.27pt=25.4mm, 1cm=28.453pt)

LaTeX Info: Redefining \microtypecontext on input line 36.
Package microtype Info: Applying patch `item' on input line 36.
Package microtype Info: Applying patch `toc' on input line 36.
Package microtype Info: Applying patch `eqnum' on input line 36.

Package microtype Warning: Unable to apply patch `footnote' on input line 36.

Package microtype Info: Applying patch `verbatim' on input line 36.
LaTeX Info: Redefining \microtypesetup on input line 36.
Package microtype Info: Generating PDF output.
Package microtype Info: Character protrusion enabled (level 2).
Package microtype Info: Using default protrusion set `alltext'.
Package microtype Info: Automatic font expansion enabled (level 2),
(microtype)             stretch: 20, shrink: 20, step: 1, non-selected.
Package microtype Info: Using default expansion set `alltext-nott'.
Package microtype Info: Patching command `\showhyphens'.
Package microtype Info: No adjustment of tracking.
Package microtype Info: No adjustment of interword spacing.
Package microtype Info: No adjustment of character kerning.
(/home/neuronetix/.miktex/texmfs/install/tex/latex/microtype/mt-ptm.cfg
File: mt-ptm.cfg 2006/04/20 v1.7 microtype config. file: Times (RS)
) (/home/neuronetix/.miktex/texmfs/install/tex/context/base/mkii/supp-pdf.mkii
[Loading MPS to PDF converter (version 2006.09.02).]
\scratchcounter=\count335
\scratchdimen=\dimen257
\scratchbox=\box59
\nofMPsegments=\count336
\nofMParguments=\count337
\everyMPshowfont=\toks29
\MPscratchCnt=\count338
\MPscratchDim=\dimen258
\MPnumerator=\count339
\makeMPintoPDFobject=\count340
\everyMPtoPDFconversion=\toks30
) (/home/neuronetix/.miktex/texmfs/install/tex/latex/epstopdf-pkg/epstopdf-base.sty
Package: epstopdf-base 2020-01-24 v2.11 Base part for package epstopdf
Package epstopdf-base Info: Redefining graphics rule for `.eps' on input line 485.
 (/home/neuronetix/.miktex/texmfs/install/tex/latex/00miktex/epstopdf-sys.cfg
File: epstopdf-sys.cfg 2021/03/18 v2.0 Configuration of epstopdf for MiKTeX
))
Package caption Info: Begin \AtBeginDocument code.
Package caption Info: subfig package v1.3 is loaded.
Package caption Info: float package is loaded.
Package caption Info: hyperref package is loaded.
Package caption Info: End \AtBeginDocument code.
Package hyperref Info: Link coloring OFF on input line 36.
 (main.out) (main.out)
\@outlinefile=\write3
\openout3 = `main.out'.

LaTeX Font Info:    Trying to load font information for OT1+ztmcm on input line 45.
 (/home/neuronetix/.miktex/texmfs/install/tex/latex/psnfss/ot1ztmcm.fd
File: ot1ztmcm.fd 2000/01/03 Fontinst v1.801 font definitions for OT1/ztmcm.
)
Package microtype Info: Loading generic protrusion settings for font family
(microtype)             `ztmcm' (encoding: OT1).
(microtype)             For optimal results, create family-specific settings.
(microtype)             See the microtype manual for details.
LaTeX Font Info:    Trying to load font information for OML+ztmcm on input line 45.
 (/home/neuronetix/.miktex/texmfs/install/tex/latex/psnfss/omlztmcm.fd
File: omlztmcm.fd 2000/01/03 Fontinst v1.801 font definitions for OML/ztmcm.
)
LaTeX Font Info:    Trying to load font information for OMS+ztmcm on input line 45.
 (/home/neuronetix/.miktex/texmfs/install/tex/latex/psnfss/omsztmcm.fd
File: omsztmcm.fd 2000/01/03 Fontinst v1.801 font definitions for OMS/ztmcm.
)
LaTeX Font Info:    Trying to load font information for OMX+ztmcm on input line 45.
 (/home/neuronetix/.miktex/texmfs/install/tex/latex/psnfss/omxztmcm.fd
File: omxztmcm.fd 2000/01/03 Fontinst v1.801 font definitions for OMX/ztmcm.
) (/home/neuronetix/.miktex/texmfs/install/tex/latex/microtype/mt-msa.cfg
File: mt-msa.cfg 2006/02/04 v1.1 microtype config. file: AMS symbols (a) (RS)
) (/home/neuronetix/.miktex/texmfs/install/tex/latex/microtype/mt-msb.cfg
File: mt-msb.cfg 2005/06/01 v1.0 microtype config. file: AMS symbols (b) (RS)
)
LaTeX Font Info:    Font shape `OT1/ptm/bx/n' in size <14.4> not available
(Font)              Font shape `OT1/ptm/b/n' tried instead on input line 45.
LaTeX Font Info:    Font shape `OT1/ptm/bx/n' in size <10.95> not available
(Font)              Font shape `OT1/ptm/b/n' tried instead on input line 45.
LaTeX Font Info:    Font shape `OT1/ptm/bx/n' in size <8> not available
(Font)              Font shape `OT1/ptm/b/n' tried instead on input line 45.
 [1

{/home/neuronetix/.miktex/texmfs/data/fonts/map/pdftex/pdftex.map}{/home/neuronetix/.miktex/texmfs/install/fonts/enc/dvips/base/8r.enc}]
LaTeX Font Info:    Trying to load font information for TS1+ptm on input line 67.
 (/home/neuronetix/.miktex/texmfs/install/tex/latex/psnfss/ts1ptm.fd
File: ts1ptm.fd 2001/06/04 font definitions for TS1/ptm.
) [2]
LaTeX Font Info:    Font shape `OT1/ptm/bx/n' in size <12> not available
(Font)              Font shape `OT1/ptm/b/n' tried instead on input line 100.
LaTeX Font Info:    Font shape `OT1/ptm/bx/n' in size <9> not available
(Font)              Font shape `OT1/ptm/b/n' tried instead on input line 100.
LaTeX Font Info:    Font shape `OT1/ptm/bx/n' in size <7> not available
(Font)              Font shape `OT1/ptm/b/n' tried instead on input line 100.


LaTeX Warning: Reference `fig:class_distribution' on page 3 undefined on input line 135.

<../notebooks/models/figures/samples/class_distribution.pdf, id=154, 714.28484pt x 424.64334pt>
File: ../notebooks/models/figures/samples/class_distribution.pdf Graphic file (type pdf)
<use ../notebooks/models/figures/samples/class_distribution.pdf>
Package pdftex.def Info: ../notebooks/models/figures/samples/class_distribution.pdf  used on input line 139.
(pdftex.def)             Requested size: 317.07614pt x 188.5024pt.
[3 <../notebooks/models/figures/samples/class_distribution.pdf>]
<../notebooks/models/figures/samples/glioma_samples.pdf, id=225, 1059.48593pt x 368.89032pt>
File: ../notebooks/models/figures/samples/glioma_samples.pdf Graphic file (type pdf)
<use ../notebooks/models/figures/samples/glioma_samples.pdf>
Package pdftex.def Info: ../notebooks/models/figures/samples/glioma_samples.pdf  used on input line 155.
(pdftex.def)             Requested size: 217.42265pt x 75.7018pt.
<../notebooks/models/figures/samples/meningioma_samples.pdf, id=226, 1046.44258pt x 355.84692pt>
File: ../notebooks/models/figures/samples/meningioma_samples.pdf Graphic file (type pdf)
<use ../notebooks/models/figures/samples/meningioma_samples.pdf>
Package pdftex.def Info: ../notebooks/models/figures/samples/meningioma_samples.pdf  used on input line 157.
(pdftex.def)             Requested size: 217.42265pt x 73.93187pt.
<../notebooks/models/figures/samples/pituitary_samples.pdf, id=227, 1059.48593pt x 368.89032pt>
File: ../notebooks/models/figures/samples/pituitary_samples.pdf Graphic file (type pdf)
<use ../notebooks/models/figures/samples/pituitary_samples.pdf>
Package pdftex.def Info: ../notebooks/models/figures/samples/pituitary_samples.pdf  used on input line 164.
(pdftex.def)             Requested size: 217.42265pt x 75.7018pt.
<../notebooks/models/figures/samples/no_tumor_samples.pdf, id=228, 978.82074pt x 353.32037pt>
File: ../notebooks/models/figures/samples/no_tumor_samples.pdf Graphic file (type pdf)
<use ../notebooks/models/figures/samples/no_tumor_samples.pdf>
Package pdftex.def Info: ../notebooks/models/figures/samples/no_tumor_samples.pdf  used on input line 166.
(pdftex.def)             Requested size: 217.42265pt x 78.4801pt.
LaTeX Info: Symbol \textrightarrow not provided by
            font family ptm in TS1 encoding.
            Default family used instead on input line 198.
 (/home/neuronetix/.miktex/texmfs/install/tex/latex/microtype/mt-cmr.cfg
File: mt-cmr.cfg 2013/05/19 v2.2 microtype config. file: Computer Modern Roman (RS)
)
LaTeX Info: Symbol \textrightarrow not provided by
            font family ptm in TS1 encoding.
            Default family used instead on input line 198.
LaTeX Info: Symbol \textrightarrow not provided by
            font family ptm in TS1 encoding.
            Default family used instead on input line 198.
LaTeX Info: Symbol \textrightarrow not provided by
            font family ptm in TS1 encoding.
            Default family used instead on input line 198.
 [4 <../notebooks/models/figures/samples/glioma_samples.pdf> <../notebooks/models/figures/samples/meningioma_samples.pdf> <../notebooks/models/figures/samples/pituitary_samples.pdf> <../notebooks/models/figures/samples/no_tumor_samples.pdf>]
LaTeX Info: Symbol \textrightarrow not provided by
            font family ptm in TS1 encoding.
            Default family used instead on input line 204.
 [5] [6]
<../notebooks/models/baseline_cnn/accuracy_curve.png, id=429, 610.9224pt x 393.6306pt>
File: ../notebooks/models/baseline_cnn/accuracy_curve.png Graphic file (type png)
<use ../notebooks/models/baseline_cnn/accuracy_curve.png>
Package pdftex.def Info: ../notebooks/models/baseline_cnn/accuracy_curve.png  used on input line 305.
(pdftex.def)             Requested size: 217.42265pt x 140.0912pt.
<../notebooks/models/baseline_cnn/loss_curve.png, id=431, 610.9224pt x 393.6306pt>
File: ../notebooks/models/baseline_cnn/loss_curve.png Graphic file (type png)
<use ../notebooks/models/baseline_cnn/loss_curve.png>
Package pdftex.def Info: ../notebooks/models/baseline_cnn/loss_curve.png  used on input line 307.
(pdftex.def)             Requested size: 217.42265pt x 140.0912pt.
<../notebooks/models/resnet18/accuracy_curve.png, id=432, 610.9224pt x 393.6306pt>
File: ../notebooks/models/resnet18/accuracy_curve.png Graphic file (type png)
<use ../notebooks/models/resnet18/accuracy_curve.png>
Package pdftex.def Info: ../notebooks/models/resnet18/accuracy_curve.png  used on input line 314.
(pdftex.def)             Requested size: 217.42265pt x 140.0912pt.
<../notebooks/models/resnet18/loss_curve.png, id=433, 610.9224pt x 393.6306pt>
File: ../notebooks/models/resnet18/loss_curve.png Graphic file (type png)
<use ../notebooks/models/resnet18/loss_curve.png>
Package pdftex.def Info: ../notebooks/models/resnet18/loss_curve.png  used on input line 316.
(pdftex.def)             Requested size: 217.42265pt x 140.0912pt.
 [7 <../notebooks/models/baseline_cnn/accuracy_curve.png> <../notebooks/models/baseline_cnn/loss_curve.png>]
<../notebooks/models/pretrained_densenet121/accuracy_curve.png, id=446, 610.9224pt x 393.6306pt>
File: ../notebooks/models/pretrained_densenet121/accuracy_curve.png Graphic file (type png)
<use ../notebooks/models/pretrained_densenet121/accuracy_curve.png>
Package pdftex.def Info: ../notebooks/models/pretrained_densenet121/accuracy_curve.png  used on input line 323.
(pdftex.def)             Requested size: 217.42265pt x 140.0912pt.
<../notebooks/models/pretrained_densenet121/loss_curve.png, id=447, 610.9224pt x 393.6306pt>
File: ../notebooks/models/pretrained_densenet121/loss_curve.png Graphic file (type png)
<use ../notebooks/models/pretrained_densenet121/loss_curve.png>
Package pdftex.def Info: ../notebooks/models/pretrained_densenet121/loss_curve.png  used on input line 325.
(pdftex.def)             Requested size: 217.42265pt x 140.0912pt.
<../notebooks/models/figures/metrics/performance_comparison.pdf, id=448, 1004.20985pt x 714.10478pt>
File: ../notebooks/models/figures/metrics/performance_comparison.pdf Graphic file (type pdf)
<use ../notebooks/models/figures/metrics/performance_comparison.pdf>
Package pdftex.def Info: ../notebooks/models/figures/metrics/performance_comparison.pdf  used on input line 335.
(pdftex.def)             Requested size: 407.66833pt x 289.89732pt.
 [8 <../notebooks/models/resnet18/accuracy_curve.png> <../notebooks/models/resnet18/loss_curve.png> <../notebooks/models/pretrained_densenet121/accuracy_curve.png> <../notebooks/models/pretrained_densenet121/loss_curve.png>]
<../notebooks/models/figures/metrics/roc_curves.pdf, id=464, 1293.28984pt x 352.34511pt>
File: ../notebooks/models/figures/metrics/roc_curves.pdf Graphic file (type pdf)
<use ../notebooks/models/figures/metrics/roc_curves.pdf>
Package pdftex.def Info: ../notebooks/models/figures/metrics/roc_curves.pdf  used on input line 362.
(pdftex.def)             Requested size: 407.66833pt x 111.06456pt.
 [9 <../notebooks/models/figures/metrics/performance_comparison.pdf>]
<../notebooks/models/figures/metrics/pr_curves.pdf, id=535, 1293.28984pt x 352.34511pt>
File: ../notebooks/models/figures/metrics/pr_curves.pdf Graphic file (type pdf)
<use ../notebooks/models/figures/metrics/pr_curves.pdf>
Package pdftex.def Info: ../notebooks/models/figures/metrics/pr_curves.pdf  used on input line 370.
(pdftex.def)             Requested size: 407.66833pt x 111.06456pt.
<../notebooks/models/figures/metrics/confusion_matrices.pdf, id=536, 1274.21933pt x 350.81339pt>
File: ../notebooks/models/figures/metrics/confusion_matrices.pdf Graphic file (type pdf)
<use ../notebooks/models/figures/metrics/confusion_matrices.pdf>
Package pdftex.def Info: ../notebooks/models/figures/metrics/confusion_matrices.pdf  used on input line 380.
(pdftex.def)             Requested size: 430.31812pt x 118.47202pt.


LaTeX Warning: `h' float specifier changed to `ht'.

<../notebooks/models/figures/predictions/baselinecnn.pdf, id=537, 1420.07137pt x 858.53058pt>
File: ../notebooks/models/figures/predictions/baselinecnn.pdf Graphic file (type pdf)
<use ../notebooks/models/figures/predictions/baselinecnn.pdf>
Package pdftex.def Info: ../notebooks/models/figures/predictions/baselinecnn.pdf  used on input line 408.
(pdftex.def)             Requested size: 385.02547pt x 232.76266pt.
[10 <../notebooks/models/figures/metrics/roc_curves.pdf> <../notebooks/models/figures/metrics/pr_curves.pdf> <../notebooks/models/figures/metrics/confusion_matrices.pdf>]
<../notebooks/models/figures/predictions/resnet18.pdf, id=757, 1420.07137pt x 858.53058pt>
File: ../notebooks/models/figures/predictions/resnet18.pdf Graphic file (type pdf)
<use ../notebooks/models/figures/predictions/resnet18.pdf>
Package pdftex.def Info: ../notebooks/models/figures/predictions/resnet18.pdf  used on input line 415.
(pdftex.def)             Requested size: 385.02547pt x 232.76266pt.
 [11 <../notebooks/models/figures/predictions/baselinecnn.pdf>]
<../notebooks/models/figures/predictions/pretraineddensenet121.pdf, id=820, 1420.07137pt x 858.53058pt>
File: ../notebooks/models/figures/predictions/pretraineddensenet121.pdf Graphic file (type pdf)
<use ../notebooks/models/figures/predictions/pretraineddensenet121.pdf>
Package pdftex.def Info: ../notebooks/models/figures/predictions/pretraineddensenet121.pdf  used on input line 422.
(pdftex.def)             Requested size: 385.02547pt x 232.76266pt.
<../notebooks/models/figures/gradcam/baselinecnn.pdf, id=822, 1727.28625pt x 1714.80812pt>
File: ../notebooks/models/figures/gradcam/baselinecnn.pdf Graphic file (type pdf)
<use ../notebooks/models/figures/gradcam/baselinecnn.pdf>
Package pdftex.def Info: ../notebooks/models/figures/gradcam/baselinecnn.pdf  used on input line 440.
(pdftex.def)             Requested size: 385.02547pt x 382.23047pt.
 [12 <../notebooks/models/figures/predictions/resnet18.pdf> <../notebooks/models/figures/predictions/pretraineddensenet121.pdf>]
<../notebooks/models/figures/gradcam/resnet18.pdf, id=942, 1727.28625pt x 1714.80812pt>
File: ../notebooks/models/figures/gradcam/resnet18.pdf Graphic file (type pdf)
<use ../notebooks/models/figures/gradcam/resnet18.pdf>
Package pdftex.def Info: ../notebooks/models/figures/gradcam/resnet18.pdf  used on input line 447.
(pdftex.def)             Requested size: 385.02547pt x 382.23047pt.
 [13 <../notebooks/models/figures/gradcam/baselinecnn.pdf>]
<../notebooks/models/figures/gradcam/pretraineddensenet121.pdf, id=1075, 1727.28625pt x 1714.80812pt>
File: ../notebooks/models/figures/gradcam/pretraineddensenet121.pdf Graphic file (type pdf)
<use ../notebooks/models/figures/gradcam/pretraineddensenet121.pdf>
Package pdftex.def Info: ../notebooks/models/figures/gradcam/pretraineddensenet121.pdf  used on input line 454.
(pdftex.def)             Requested size: 385.02547pt x 382.23047pt.
 [14 <../notebooks/models/figures/gradcam/resnet18.pdf>]
<../notebooks/models/figures/gradcam_misclassified/baselinecnn.pdf, id=1204, 1727.28625pt x 2304.20076pt>
File: ../notebooks/models/figures/gradcam_misclassified/baselinecnn.pdf Graphic file (type pdf)
<use ../notebooks/models/figures/gradcam_misclassified/baselinecnn.pdf>
Package pdftex.def Info: ../notebooks/models/figures/gradcam_misclassified/baselinecnn.pdf  used on input line 464.
(pdftex.def)             Requested size: 385.02547pt x 513.60599pt.
 [15 <../notebooks/models/figures/gradcam/pretraineddensenet121.pdf>]
<../notebooks/models/figures/gradcam_misclassified/resnet18.pdf, id=1336, 1727.28625pt x 2304.20076pt>
File: ../notebooks/models/figures/gradcam_misclassified/resnet18.pdf Graphic file (type pdf)
<use ../notebooks/models/figures/gradcam_misclassified/resnet18.pdf>
Package pdftex.def Info: ../notebooks/models/figures/gradcam_misclassified/resnet18.pdf  used on input line 471.
(pdftex.def)             Requested size: 385.02547pt x 513.60599pt.
 [16 <../notebooks/models/figures/gradcam_misclassified/baselinecnn.pdf>]
<../notebooks/models/figures/gradcam_misclassified/pretraineddensenet121.pdf, id=1488, 1727.28625pt x 2304.20076pt>
File: ../notebooks/models/figures/gradcam_misclassified/pretraineddensenet121.pdf Graphic file (type pdf)
<use ../notebooks/models/figures/gradcam_misclassified/pretraineddensenet121.pdf>
Package pdftex.def Info: ../notebooks/models/figures/gradcam_misclassified/pretraineddensenet121.pdf  used on input line 478.
(pdftex.def)             Requested size: 385.02547pt x 513.60599pt.
 [17 <../notebooks/models/figures/gradcam_misclassified/resnet18.pdf>]
<../notebooks/models/figures/misclassified/baselinecnn.pdf, id=1638, 1114.65114pt x 573.42583pt>
File: ../notebooks/models/figures/misclassified/baselinecnn.pdf Graphic file (type pdf)
<use ../notebooks/models/figures/misclassified/baselinecnn.pdf>
Package pdftex.def Info: ../notebooks/models/figures/misclassified/baselinecnn.pdf  used on input line 496.
(pdftex.def)             Requested size: 385.02547pt x 198.07712pt.
 [18 <../notebooks/models/figures/gradcam_misclassified/pretraineddensenet121.pdf>]
<../notebooks/models/figures/misclassified/resnet18.pdf, id=1789, 1114.65114pt x 573.42583pt>
File: ../notebooks/models/figures/misclassified/resnet18.pdf Graphic file (type pdf)
<use ../notebooks/models/figures/misclassified/resnet18.pdf>
Package pdftex.def Info: ../notebooks/models/figures/misclassified/resnet18.pdf  used on input line 503.
(pdftex.def)             Requested size: 385.02547pt x 198.07712pt.
<../notebooks/models/figures/misclassified/pretraineddensenet121.pdf, id=1790, 1114.65114pt x 573.42583pt>
File: ../notebooks/models/figures/misclassified/pretraineddensenet121.pdf Graphic file (type pdf)
<use ../notebooks/models/figures/misclassified/pretraineddensenet121.pdf>
Package pdftex.def Info: ../notebooks/models/figures/misclassified/pretraineddensenet121.pdf  used on input line 510.
(pdftex.def)             Requested size: 385.02547pt x 198.07712pt.
 [19 <../notebooks/models/figures/misclassified/baselinecnn.pdf> <../notebooks/models/figures/misclassified/resnet18.pdf>]
<../notebooks/models/figures/feature_maps/baselinecnn.pdf, id=1906, 1580.40327pt x 569.6552pt>
File: ../notebooks/models/figures/feature_maps/baselinecnn.pdf Graphic file (type pdf)
<use ../notebooks/models/figures/feature_maps/baselinecnn.pdf>
Package pdftex.def Info: ../notebooks/models/figures/feature_maps/baselinecnn.pdf  used on input line 522.
(pdftex.def)             Requested size: 385.02547pt x 138.78009pt.
<../notebooks/models/figures/feature_maps/resnet18.pdf, id=1907, 1580.40327pt x 569.6552pt>
File: ../notebooks/models/figures/feature_maps/resnet18.pdf Graphic file (type pdf)
<use ../notebooks/models/figures/feature_maps/resnet18.pdf>
Package pdftex.def Info: ../notebooks/models/figures/feature_maps/resnet18.pdf  used on input line 529.
(pdftex.def)             Requested size: 385.02547pt x 138.78009pt.
<../notebooks/models/figures/feature_maps/pretraineddensenet121.pdf, id=1908, 1580.40327pt x 569.6552pt>
File: ../notebooks/models/figures/feature_maps/pretraineddensenet121.pdf Graphic file (type pdf)
<use ../notebooks/models/figures/feature_maps/pretraineddensenet121.pdf>
Package pdftex.def Info: ../notebooks/models/figures/feature_maps/pretraineddensenet121.pdf  used on input line 536.
(pdftex.def)             Requested size: 385.02547pt x 138.78009pt.
 [20 <../notebooks/models/figures/misclassified/pretraineddensenet121.pdf> <../notebooks/models/figures/feature_maps/baselinecnn.pdf> <../notebooks/models/figures/feature_maps/resnet18.pdf>] [21 <../notebooks/models/figures/feature_maps/pretraineddensenet121.pdf>]
Overfull \hbox (1.78493pt too wide) in paragraph at lines 566--567
\OT1/ptm/m/n/12 (-20) feature learning contributes to the model's robust performance and generalization capability. 
 []


Overfull \hbox (11.88086pt too wide) in paragraph at lines 575--576
[]\OT1/ptm/b/n/12 (-20) Class Imbalance\OT1/ptm/m/n/12 (-20) : The dataset exhibits moderate class imbalance (21.3%-29.1% distribution),
 []

[22]
Overfull \hbox (1.89401pt too wide) in paragraph at lines 579--580
[]\OT1/ptm/b/n/12 (-20) Binary Nature of Classification\OT1/ptm/m/n/12 (-20) : Our model provides class predictions without uncertainty
 []


Overfull \hbox (0.27731pt too wide) in paragraph at lines 589--590
[]\OT1/ptm/b/n/12 (-20) Training Stability\OT1/ptm/m/n/12 (-20) : ResNet-18 demonstrated the most stable training progression, reaching
 []

[23]
Overfull \hbox (2.46461pt too wide) in paragraph at lines 602--603
\OT1/ptm/m/n/12 (-20) (DenseNet-121) and custom baseline approaches, achieving 92.1% accuracy with 92.6% precision
 []


Overfull \hbox (4.87878pt too wide) in paragraph at lines 612--613
[]\OT1/ptm/m/n/12 (-20) Implementing uncertainty quantification through ensemble methods or Bayesian approaches 
 []

No file main.bbl.
[24] (main.aux)
 ***********
LaTeX2e <2025-11-01>
L3 programming layer <2025-10-24>
 ***********


LaTeX Warning: There were undefined references.

Package rerunfilecheck Info: File `main.out' has not changed.
(rerunfilecheck)             Checksum: BDE8A1C324E6700569D1FA7F715FC847;5026.
 ) 
Here is how much of TeX's memory you used:
 15968 strings out of 469808
 264103 string characters out of 5469970
 696051 words of memory out of 5000000
 44005 multiletter control sequences out of 15000+600000
 679677 words of font info for 284 fonts, out of 8000000 for 9000
 0 hyphenation exceptions out of 8191
 75i,10n,79p,1495b,556s stack positions out of 10000i,1000n,20000p,200000b,200000s

pdfTeX warning (dest): name{cite.selvaraju2017grad} has been referenced but does not exist, replaced by a fixed one


pdfTeX warning (dest): name{cite.huang2018denselyconnectedconvolutionalnetworks} has been referenced but does not exist, replaced by a fixed one


pdfTeX warning (dest): name{cite.he2015deepresiduallearningimage} has been referenced but does not exist, replaced by a fixed one


pdfTeX warning (dest): name{cite.fateh2025briscannotateddatasetbrain} has been referenced but does not exist, replaced by a fixed one

 </home/neuronetix/.miktex/texmfs/data/fonts/pk/ljfour/jknappen/ec/dpi600/tcrm1200.pk></home/neuronetix/.miktex/texmfs/install/fonts/type1/public/amsfonts/cm/cmr10.pfb></home/neuronetix/.miktex/texmfs/install/fonts/type1/public/amsfonts/cm/cmsy10.pfb></home/neuronetix/.miktex/texmfs/install/fonts/type1/public/amsfonts/cm/cmtt12.pfb></home/neuronetix/.miktex/texmfs/install/fonts/type1/public/rsfs/rsfs10.pfb></home/neuronetix/.miktex/texmfs/install/fonts/type1/urw/symbol/usyr.pfb></home/neuronetix/.miktex/texmfs/install/fonts/type1/urw/times/utmb8a.pfb></home/neuronetix/.miktex/texmfs/install/fonts/type1/urw/times/utmr8a.pfb></home/neuronetix/.miktex/texmfs/install/fonts/type1/urw/times/utmri8a.pfb>
Output written on /mnt/DATA/Bibek/NAAMII/Assignment/naamii/report/build/main.pdf (24 pages, 40137532 bytes).
PDF statistics:
 2232 PDF objects out of 2487 (max. 8388607)
 117 named destinations out of 1000 (max. 500000)
 72607 words of extra memory for PDF output out of 74296 (max. 10000000)

