\BOOKMARK [1][-]{section.1}{\376\377\000I\000n\000t\000r\000o\000d\000u\000c\000t\000i\000o\000n}{}% 1
\BOOKMARK [1][-]{section.2}{\376\377\000D\000a\000t\000a\000s\000e\000t}{}% 2
\BOOKMARK [2][-]{subsection.2.1}{\376\377\000D\000a\000t\000a\000s\000e\000t\000\040\000D\000e\000s\000c\000r\000i\000p\000t\000i\000o\000n}{section.2}% 3
\BOOKMARK [2][-]{subsection.2.2}{\376\377\000D\000a\000t\000a\000s\000e\000t\000\040\000V\000i\000s\000u\000a\000l\000i\000z\000a\000t\000i\000o\000n}{section.2}% 4
\BOOKMARK [2][-]{subsection.2.3}{\376\377\000D\000a\000t\000a\000\040\000P\000r\000e\000p\000r\000o\000c\000e\000s\000s\000i\000n\000g}{section.2}% 5
\BOOKMARK [1][-]{section.3}{\376\377\000M\000e\000t\000h\000o\000d\000o\000l\000o\000g\000y}{}% 6
\BOOKMARK [2][-]{subsection.3.1}{\376\377\000M\000o\000d\000e\000l\000\040\000A\000r\000c\000h\000i\000t\000e\000c\000t\000u\000r\000e\000s}{section.3}% 7
\BOOKMARK [3][-]{subsubsection.3.1.1}{\376\377\000B\000a\000s\000e\000l\000i\000n\000e\000\040\000C\000N\000N}{subsection.3.1}% 8
\BOOKMARK [3][-]{subsubsection.3.1.2}{\376\377\000R\000e\000s\000N\000e\000t\000-\0001\0008\000\040\000f\000r\000o\000m\000\040\000S\000c\000r\000a\000t\000c\000h}{subsection.3.1}% 9
\BOOKMARK [3][-]{subsubsection.3.1.3}{\376\377\000P\000r\000e\000t\000r\000a\000i\000n\000e\000d\000\040\000D\000e\000n\000s\000e\000N\000e\000t\000-\0001\0002\0001}{subsection.3.1}% 10
\BOOKMARK [2][-]{subsection.3.2}{\376\377\000T\000r\000a\000i\000n\000i\000n\000g\000\040\000C\000o\000n\000f\000i\000g\000u\000r\000a\000t\000i\000o\000n}{section.3}% 11
\BOOKMARK [2][-]{subsection.3.3}{\376\377\000C\000l\000a\000s\000s\000\040\000I\000m\000b\000a\000l\000a\000n\000c\000e\000\040\000H\000a\000n\000d\000l\000i\000n\000g}{section.3}% 12
\BOOKMARK [1][-]{section.4}{\376\377\000E\000v\000a\000l\000u\000a\000t\000i\000o\000n\000\040\000M\000e\000t\000r\000i\000c\000s}{}% 13
\BOOKMARK [1][-]{section.5}{\376\377\000R\000e\000s\000u\000l\000t\000s}{}% 14
\BOOKMARK [2][-]{subsection.5.1}{\376\377\000T\000r\000a\000i\000n\000i\000n\000g\000\040\000C\000u\000r\000v\000e\000s}{section.5}% 15
\BOOKMARK [2][-]{subsection.5.2}{\376\377\000O\000v\000e\000r\000a\000l\000l\000\040\000P\000e\000r\000f\000o\000r\000m\000a\000n\000c\000e\000\040\000C\000o\000m\000p\000a\000r\000i\000s\000o\000n}{section.5}% 16
\BOOKMARK [2][-]{subsection.5.3}{\376\377\000C\000l\000a\000s\000s\000i\000f\000i\000c\000a\000t\000i\000o\000n\000\040\000M\000e\000t\000r\000i\000c\000s}{section.5}% 17
\BOOKMARK [2][-]{subsection.5.4}{\376\377\000C\000o\000n\000f\000u\000s\000i\000o\000n\000\040\000M\000a\000t\000r\000i\000c\000e\000s}{section.5}% 18
\BOOKMARK [2][-]{subsection.5.5}{\376\377\000P\000e\000r\000-\000C\000l\000a\000s\000s\000\040\000P\000e\000r\000f\000o\000r\000m\000a\000n\000c\000e}{section.5}% 19
\BOOKMARK [2][-]{subsection.5.6}{\376\377\000P\000r\000e\000d\000i\000c\000t\000i\000o\000n\000\040\000E\000x\000a\000m\000p\000l\000e\000s}{section.5}% 20
\BOOKMARK [1][-]{section.6}{\376\377\000M\000o\000d\000e\000l\000\040\000I\000n\000t\000e\000r\000p\000r\000e\000t\000a\000b\000i\000l\000i\000t\000y}{}% 21
\BOOKMARK [2][-]{subsection.6.1}{\376\377\000G\000r\000a\000d\000-\000C\000A\000M\000\040\000V\000i\000s\000u\000a\000l\000i\000z\000a\000t\000i\000o\000n}{section.6}% 22
\BOOKMARK [3][-]{subsubsection.6.1.1}{\376\377\000C\000o\000r\000r\000e\000c\000t\000l\000y\000\040\000C\000l\000a\000s\000s\000i\000f\000i\000e\000d\000\040\000S\000a\000m\000p\000l\000e\000s}{subsection.6.1}% 23
\BOOKMARK [3][-]{subsubsection.6.1.2}{\376\377\000M\000i\000s\000c\000l\000a\000s\000s\000i\000f\000i\000e\000d\000\040\000S\000a\000m\000p\000l\000e\000s}{subsection.6.1}% 24
\BOOKMARK [2][-]{subsection.6.2}{\376\377\000A\000n\000a\000l\000y\000s\000i\000s\000\040\000o\000f\000\040\000M\000o\000d\000e\000l\000\040\000A\000t\000t\000e\000n\000t\000i\000o\000n}{section.6}% 25
\BOOKMARK [2][-]{subsection.6.3}{\376\377\000E\000r\000r\000o\000r\000\040\000A\000n\000a\000l\000y\000s\000i\000s}{section.6}% 26
\BOOKMARK [2][-]{subsection.6.4}{\376\377\000F\000e\000a\000t\000u\000r\000e\000\040\000M\000a\000p\000\040\000V\000i\000s\000u\000a\000l\000i\000z\000a\000t\000i\000o\000n}{section.6}% 27
\BOOKMARK [1][-]{section.7}{\376\377\000D\000i\000s\000c\000u\000s\000s\000i\000o\000n}{}% 28
\BOOKMARK [2][-]{subsection.7.1}{\376\377\000M\000o\000d\000e\000l\000\040\000C\000o\000m\000p\000a\000r\000i\000s\000o\000n\000\040\000A\000n\000a\000l\000y\000s\000i\000s}{section.7}% 29
\BOOKMARK [2][-]{subsection.7.2}{\376\377\000I\000n\000t\000e\000r\000p\000r\000e\000t\000a\000b\000i\000l\000i\000t\000y\000\040\000I\000n\000s\000i\000g\000h\000t\000s}{section.7}% 30
\BOOKMARK [2][-]{subsection.7.3}{\376\377\000L\000i\000m\000i\000t\000a\000t\000i\000o\000n\000s}{section.7}% 31
\BOOKMARK [1][-]{section.8}{\376\377\000A\000d\000d\000i\000t\000i\000o\000n\000a\000l\000\040\000F\000i\000n\000d\000i\000n\000g\000s}{}% 32
\BOOKMARK [1][-]{section.9}{\376\377\000C\000o\000n\000c\000l\000u\000s\000i\000o\000n}{}% 33
